{"/root/mcar/core/src/agent/agent-runtime.ts": {"path":"/root/mcar/core/src/agent/agent-runtime.ts","all":true,"statementMap":{"10":{"start":{"line":11,"column":0},"end":{"line":11,"column":85}},"11":{"start":{"line":12,"column":0},"end":{"line":12,"column":59}},"20":{"start":{"line":21,"column":0},"end":{"line":21,"column":83}},"21":{"start":{"line":22,"column":0},"end":{"line":22,"column":59}},"23":{"start":{"line":24,"column":0},"end":{"line":24,"column":27}},"24":{"start":{"line":25,"column":0},"end":{"line":25,"column":23}},"25":{"start":{"line":26,"column":0},"end":{"line":26,"column":37}},"26":{"start":{"line":27,"column":0},"end":{"line":27,"column":49}},"28":{"start":{"line":29,"column":0},"end":{"line":29,"column":14}},"29":{"start":{"line":30,"column":0},"end":{"line":30,"column":42}},"30":{"start":{"line":31,"column":0},"end":{"line":31,"column":50}},"31":{"start":{"line":32,"column":0},"end":{"line":32,"column":50}},"32":{"start":{"line":33,"column":0},"end":{"line":33,"column":50}},"33":{"start":{"line":34,"column":0},"end":{"line":34,"column":48}},"34":{"start":{"line":35,"column":0},"end":{"line":35,"column":46}},"35":{"start":{"line":36,"column":0},"end":{"line":36,"column":51}},"36":{"start":{"line":37,"column":0},"end":{"line":37,"column":57}},"37":{"start":{"line":38,"column":0},"end":{"line":38,"column":48}},"38":{"start":{"line":39,"column":0},"end":{"line":39,"column":5}},"39":{"start":{"line":40,"column":0},"end":{"line":40,"column":26}},"40":{"start":{"line":41,"column":0},"end":{"line":41,"column":32}},"41":{"start":{"line":42,"column":0},"end":{"line":42,"column":28}},"42":{"start":{"line":43,"column":0},"end":{"line":43,"column":6}},"44":{"start":{"line":45,"column":0},"end":{"line":45,"column":44}},"45":{"start":{"line":46,"column":0},"end":{"line":46,"column":17}},"46":{"start":{"line":47,"column":0},"end":{"line":47,"column":23}},"47":{"start":{"line":48,"column":0},"end":{"line":48,"column":22}},"48":{"start":{"line":49,"column":0},"end":{"line":49,"column":6}},"50":{"start":{"line":51,"column":0},"end":{"line":51,"column":28}},"51":{"start":{"line":52,"column":0},"end":{"line":52,"column":21}},"52":{"start":{"line":53,"column":0},"end":{"line":53,"column":49}},"53":{"start":{"line":54,"column":0},"end":{"line":54,"column":26}},"54":{"start":{"line":55,"column":0},"end":{"line":55,"column":29}},"55":{"start":{"line":56,"column":0},"end":{"line":56,"column":18}},"56":{"start":{"line":57,"column":0},"end":{"line":57,"column":8}},"57":{"start":{"line":58,"column":0},"end":{"line":58,"column":33}},"58":{"start":{"line":59,"column":0},"end":{"line":59,"column":38}},"59":{"start":{"line":60,"column":0},"end":{"line":60,"column":20}},"60":{"start":{"line":61,"column":0},"end":{"line":61,"column":7}},"61":{"start":{"line":62,"column":0},"end":{"line":62,"column":3}},"67":{"start":{"line":68,"column":0},"end":{"line":68,"column":45}},"69":{"start":{"line":70,"column":0},"end":{"line":70,"column":59}},"72":{"start":{"line":73,"column":0},"end":{"line":73,"column":36}},"73":{"start":{"line":74,"column":0},"end":{"line":74,"column":31}},"76":{"start":{"line":77,"column":0},"end":{"line":77,"column":43}},"77":{"start":{"line":78,"column":0},"end":{"line":78,"column":58}},"78":{"start":{"line":79,"column":0},"end":{"line":79,"column":63}},"79":{"start":{"line":80,"column":0},"end":{"line":80,"column":45}},"80":{"start":{"line":81,"column":0},"end":{"line":81,"column":5}},"82":{"start":{"line":83,"column":0},"end":{"line":83,"column":34}},"83":{"start":{"line":84,"column":0},"end":{"line":84,"column":3}},"88":{"start":{"line":89,"column":0},"end":{"line":89,"column":17}},"89":{"start":{"line":90,"column":0},"end":{"line":90,"column":23}},"90":{"start":{"line":91,"column":0},"end":{"line":91,"column":3}},"95":{"start":{"line":96,"column":0},"end":{"line":96,"column":38}},"96":{"start":{"line":97,"column":0},"end":{"line":97,"column":35}},"97":{"start":{"line":98,"column":0},"end":{"line":98,"column":3}},"102":{"start":{"line":103,"column":0},"end":{"line":103,"column":63}},"103":{"start":{"line":104,"column":0},"end":{"line":104,"column":41}},"104":{"start":{"line":105,"column":0},"end":{"line":105,"column":3}},"109":{"start":{"line":110,"column":0},"end":{"line":110,"column":18}},"110":{"start":{"line":111,"column":0},"end":{"line":111,"column":37}},"111":{"start":{"line":112,"column":0},"end":{"line":112,"column":3}},"116":{"start":{"line":117,"column":0},"end":{"line":117,"column":21}},"117":{"start":{"line":118,"column":0},"end":{"line":118,"column":40}},"118":{"start":{"line":119,"column":0},"end":{"line":119,"column":3}},"123":{"start":{"line":124,"column":0},"end":{"line":124,"column":25}},"124":{"start":{"line":125,"column":0},"end":{"line":125,"column":31}},"125":{"start":{"line":126,"column":0},"end":{"line":126,"column":3}},"130":{"start":{"line":131,"column":0},"end":{"line":131,"column":17}},"131":{"start":{"line":132,"column":0},"end":{"line":132,"column":23}},"132":{"start":{"line":133,"column":0},"end":{"line":133,"column":3}},"134":{"start":{"line":135,"column":0},"end":{"line":135,"column":37}},"135":{"start":{"line":136,"column":0},"end":{"line":136,"column":58}},"136":{"start":{"line":137,"column":0},"end":{"line":137,"column":34}},"137":{"start":{"line":138,"column":0},"end":{"line":138,"column":19}},"138":{"start":{"line":139,"column":0},"end":{"line":139,"column":20}},"139":{"start":{"line":140,"column":0},"end":{"line":140,"column":24}},"140":{"start":{"line":141,"column":0},"end":{"line":141,"column":23}},"141":{"start":{"line":142,"column":0},"end":{"line":142,"column":25}},"142":{"start":{"line":143,"column":0},"end":{"line":143,"column":27}},"143":{"start":{"line":144,"column":0},"end":{"line":144,"column":6}},"144":{"start":{"line":145,"column":0},"end":{"line":145,"column":3}},"145":{"start":{"line":146,"column":0},"end":{"line":146,"column":1}}},"s":{"10":0,"11":0,"20":0,"21":0,"23":0,"24":0,"25":0,"26":0,"28":0,"29":0,"30":0,"31":0,"32":0,"33":0,"34":0,"35":0,"36":0,"37":0,"38":0,"39":0,"40":0,"41":0,"42":0,"44":0,"45":0,"46":0,"47":0,"48":0,"50":0,"51":0,"52":0,"53":0,"54":0,"55":0,"56":0,"57":0,"58":0,"59":0,"60":0,"61":0,"67":0,"69":0,"72":0,"73":0,"76":0,"77":0,"78":0,"79":0,"80":0,"82":0,"83":0,"88":0,"89":0,"90":0,"95":0,"96":0,"97":0,"102":0,"103":0,"104":0,"109":0,"110":0,"111":0,"116":0,"117":0,"118":0,"123":0,"124":0,"125":0,"130":0,"131":0,"132":0,"134":0,"135":0,"136":0,"137":0,"138":0,"139":0,"140":0,"141":0,"142":0,"143":0,"144":0,"145":0},"branchMap":{"0":{"type":"branch","line":1,"loc":{"start":{"line":1,"column":4091},"end":{"line":146,"column":1}},"locations":[{"start":{"line":1,"column":4091},"end":{"line":146,"column":1}}]}},"b":{"0":[1]},"fnMap":{"0":{"name":"(empty-report)","decl":{"start":{"line":1,"column":4091},"end":{"line":146,"column":1}},"loc":{"start":{"line":1,"column":4091},"end":{"line":146,"column":1}},"line":1}},"f":{"0":1}}
,"/root/mcar/core/src/agent/degradation-handler.ts": {"path":"/root/mcar/core/src/agent/degradation-handler.ts","all":false,"statementMap":{"15":{"start":{"line":16,"column":0},"end":{"line":16,"column":97}},"16":{"start":{"line":17,"column":0},"end":{"line":17,"column":88}},"17":{"start":{"line":18,"column":0},"end":{"line":18,"column":93}},"18":{"start":{"line":19,"column":0},"end":{"line":19,"column":89}},"19":{"start":{"line":20,"column":0},"end":{"line":20,"column":95}},"20":{"start":{"line":21,"column":0},"end":{"line":21,"column":89}},"21":{"start":{"line":22,"column":0},"end":{"line":22,"column":91}},"22":{"start":{"line":23,"column":0},"end":{"line":23,"column":90}},"23":{"start":{"line":24,"column":0},"end":{"line":24,"column":93}},"24":{"start":{"line":25,"column":0},"end":{"line":25,"column":55}},"25":{"start":{"line":26,"column":0},"end":{"line":26,"column":57}},"26":{"start":{"line":27,"column":0},"end":{"line":27,"column":2}},"28":{"start":{"line":29,"column":0},"end":{"line":29,"column":37}},"29":{"start":{"line":30,"column":0},"end":{"line":30,"column":49}},"30":{"start":{"line":31,"column":0},"end":{"line":31,"column":34}},"31":{"start":{"line":32,"column":0},"end":{"line":32,"column":24}},"32":{"start":{"line":33,"column":0},"end":{"line":33,"column":2}},"39":{"start":{"line":40,"column":0},"end":{"line":40,"column":33}},"40":{"start":{"line":41,"column":0},"end":{"line":41,"column":34}},"41":{"start":{"line":42,"column":0},"end":{"line":42,"column":27}},"42":{"start":{"line":43,"column":0},"end":{"line":43,"column":67}},"43":{"start":{"line":44,"column":0},"end":{"line":44,"column":59}},"45":{"start":{"line":46,"column":0},"end":{"line":46,"column":14}},"46":{"start":{"line":47,"column":0},"end":{"line":47,"column":48}},"47":{"start":{"line":48,"column":0},"end":{"line":48,"column":46}},"48":{"start":{"line":49,"column":0},"end":{"line":49,"column":50}},"49":{"start":{"line":50,"column":0},"end":{"line":50,"column":53}},"50":{"start":{"line":51,"column":0},"end":{"line":51,"column":6}},"52":{"start":{"line":53,"column":0},"end":{"line":53,"column":57}},"53":{"start":{"line":54,"column":0},"end":{"line":54,"column":37}},"54":{"start":{"line":55,"column":0},"end":{"line":55,"column":3}},"60":{"start":{"line":61,"column":0},"end":{"line":61,"column":25}},"61":{"start":{"line":62,"column":0},"end":{"line":62,"column":38}},"62":{"start":{"line":63,"column":0},"end":{"line":63,"column":33}},"64":{"start":{"line":65,"column":0},"end":{"line":65,"column":22}},"65":{"start":{"line":66,"column":0},"end":{"line":66,"column":28}},"66":{"start":{"line":67,"column":0},"end":{"line":67,"column":47}},"67":{"start":{"line":68,"column":0},"end":{"line":68,"column":28}},"68":{"start":{"line":69,"column":0},"end":{"line":69,"column":64}},"69":{"start":{"line":70,"column":0},"end":{"line":70,"column":5}},"70":{"start":{"line":71,"column":0},"end":{"line":71,"column":3}},"76":{"start":{"line":77,"column":0},"end":{"line":77,"column":38}},"77":{"start":{"line":78,"column":0},"end":{"line":78,"column":31}},"78":{"start":{"line":79,"column":0},"end":{"line":79,"column":57}},"79":{"start":{"line":80,"column":0},"end":{"line":80,"column":52}},"80":{"start":{"line":81,"column":0},"end":{"line":81,"column":12}},"81":{"start":{"line":82,"column":0},"end":{"line":82,"column":7}},"83":{"start":{"line":84,"column":0},"end":{"line":84,"column":78}},"84":{"start":{"line":85,"column":0},"end":{"line":85,"column":31}},"85":{"start":{"line":86,"column":0},"end":{"line":86,"column":5}},"86":{"start":{"line":87,"column":0},"end":{"line":87,"column":3}},"91":{"start":{"line":92,"column":0},"end":{"line":92,"column":25}},"92":{"start":{"line":93,"column":0},"end":{"line":93,"column":25}},"93":{"start":{"line":94,"column":0},"end":{"line":94,"column":3}},"98":{"start":{"line":99,"column":0},"end":{"line":99,"column":32}},"99":{"start":{"line":100,"column":0},"end":{"line":100,"column":69}},"100":{"start":{"line":101,"column":0},"end":{"line":101,"column":34}},"101":{"start":{"line":102,"column":0},"end":{"line":102,"column":3}},"107":{"start":{"line":108,"column":0},"end":{"line":108,"column":56}},"108":{"start":{"line":109,"column":0},"end":{"line":109,"column":46}},"109":{"start":{"line":110,"column":0},"end":{"line":110,"column":40}},"110":{"start":{"line":111,"column":0},"end":{"line":111,"column":75}},"111":{"start":{"line":112,"column":0},"end":{"line":112,"column":3}},"116":{"start":{"line":117,"column":0},"end":{"line":117,"column":19}},"117":{"start":{"line":118,"column":0},"end":{"line":118,"column":26}},"118":{"start":{"line":119,"column":0},"end":{"line":119,"column":3}},"120":{"start":{"line":121,"column":0},"end":{"line":121,"column":37}},"121":{"start":{"line":122,"column":0},"end":{"line":122,"column":25}},"122":{"start":{"line":123,"column":0},"end":{"line":123,"column":47}},"123":{"start":{"line":124,"column":0},"end":{"line":124,"column":58}},"124":{"start":{"line":125,"column":0},"end":{"line":125,"column":52}},"125":{"start":{"line":126,"column":0},"end":{"line":126,"column":7}},"126":{"start":{"line":127,"column":0},"end":{"line":127,"column":35}},"127":{"start":{"line":128,"column":0},"end":{"line":128,"column":34}},"128":{"start":{"line":129,"column":0},"end":{"line":129,"column":45}},"129":{"start":{"line":130,"column":0},"end":{"line":130,"column":98}},"130":{"start":{"line":131,"column":0},"end":{"line":131,"column":65}},"131":{"start":{"line":132,"column":0},"end":{"line":132,"column":7}},"132":{"start":{"line":133,"column":0},"end":{"line":133,"column":3}},"134":{"start":{"line":135,"column":0},"end":{"line":135,"column":34}},"135":{"start":{"line":136,"column":0},"end":{"line":136,"column":26}},"136":{"start":{"line":137,"column":0},"end":{"line":137,"column":37}},"137":{"start":{"line":138,"column":0},"end":{"line":138,"column":29}},"138":{"start":{"line":139,"column":0},"end":{"line":139,"column":5}},"139":{"start":{"line":140,"column":0},"end":{"line":140,"column":3}},"140":{"start":{"line":141,"column":0},"end":{"line":141,"column":1}}},"s":{"15":1,"16":1,"17":1,"18":1,"19":1,"20":1,"21":1,"22":1,"23":1,"24":1,"25":1,"26":1,"28":1,"29":1,"30":1,"31":1,"32":1,"39":1,"40":1,"41":1,"42":1,"43":1,"45":1,"46":13,"47":13,"48":13,"49":13,"50":13,"52":1,"53":0,"54":0,"60":1,"61":3,"62":3,"64":3,"65":2,"66":2,"67":2,"68":2,"69":2,"70":3,"76":1,"77":18,"78":18,"79":18,"80":18,"81":18,"83":18,"84":4,"85":4,"86":18,"91":1,"92":7,"93":7,"98":1,"99":1,"100":1,"101":1,"107":1,"108":10,"109":10,"110":10,"111":10,"116":1,"117":0,"118":0,"120":1,"121":4,"122":4,"123":4,"124":4,"125":4,"126":4,"127":4,"128":4,"129":4,"130":4,"131":4,"132":4,"134":1,"135":2,"136":0,"137":0,"138":0,"139":2,"140":1},"branchMap":{"0":{"type":"branch","line":46,"loc":{"start":{"line":46,"column":2},"end":{"line":51,"column":6}},"locations":[{"start":{"line":46,"column":2},"end":{"line":51,"column":6}}]},"1":{"type":"branch","line":61,"loc":{"start":{"line":61,"column":2},"end":{"line":71,"column":3}},"locations":[{"start":{"line":61,"column":2},"end":{"line":71,"column":3}}]},"2":{"type":"branch","line":65,"loc":{"start":{"line":65,"column":21},"end":{"line":70,"column":5}},"locations":[{"start":{"line":65,"column":21},"end":{"line":70,"column":5}}]},"3":{"type":"branch","line":77,"loc":{"start":{"line":77,"column":2},"end":{"line":87,"column":3}},"locations":[{"start":{"line":77,"column":2},"end":{"line":87,"column":3}}]},"4":{"type":"branch","line":84,"loc":{"start":{"line":84,"column":41},"end":{"line":84,"column":77}},"locations":[{"start":{"line":84,"column":41},"end":{"line":84,"column":77}}]},"5":{"type":"branch","line":84,"loc":{"start":{"line":84,"column":77},"end":{"line":86,"column":5}},"locations":[{"start":{"line":84,"column":77},"end":{"line":86,"column":5}}]},"6":{"type":"branch","line":92,"loc":{"start":{"line":92,"column":2},"end":{"line":94,"column":3}},"locations":[{"start":{"line":92,"column":2},"end":{"line":94,"column":3}}]},"7":{"type":"branch","line":99,"loc":{"start":{"line":99,"column":2},"end":{"line":102,"column":3}},"locations":[{"start":{"line":99,"column":2},"end":{"line":102,"column":3}}]},"8":{"type":"branch","line":108,"loc":{"start":{"line":108,"column":2},"end":{"line":112,"column":3}},"locations":[{"start":{"line":108,"column":2},"end":{"line":112,"column":3}}]},"9":{"type":"branch","line":111,"loc":{"start":{"line":111,"column":11},"end":{"line":111,"column":70}},"locations":[{"start":{"line":111,"column":11},"end":{"line":111,"column":70}}]},"10":{"type":"branch","line":111,"loc":{"start":{"line":111,"column":66},"end":{"line":111,"column":75}},"locations":[{"start":{"line":111,"column":66},"end":{"line":111,"column":75}}]},"11":{"type":"branch","line":121,"loc":{"start":{"line":121,"column":10},"end":{"line":133,"column":3}},"locations":[{"start":{"line":121,"column":10},"end":{"line":133,"column":3}}]},"12":{"type":"branch","line":127,"loc":{"start":{"line":127,"column":9},"end":{"line":127,"column":34}},"locations":[{"start":{"line":127,"column":9},"end":{"line":127,"column":34}}]},"13":{"type":"branch","line":135,"loc":{"start":{"line":135,"column":10},"end":{"line":140,"column":3}},"locations":[{"start":{"line":135,"column":10},"end":{"line":140,"column":3}}]},"14":{"type":"branch","line":136,"loc":{"start":{"line":136,"column":25},"end":{"line":139,"column":5}},"locations":[{"start":{"line":136,"column":25},"end":{"line":139,"column":5}}]}},"b":{"0":[13],"1":[3],"2":[2],"3":[18],"4":[4],"5":[4],"6":[7],"7":[1],"8":[10],"9":[8],"10":[2],"11":[4],"12":[0],"13":[2],"14":[0]},"fnMap":{"0":{"name":"DegradationHandler","decl":{"start":{"line":46,"column":2},"end":{"line":51,"column":6}},"loc":{"start":{"line":46,"column":2},"end":{"line":51,"column":6}},"line":46},"1":{"name":"setIncidentRecorder","decl":{"start":{"line":53,"column":2},"end":{"line":55,"column":3}},"loc":{"start":{"line":53,"column":2},"end":{"line":55,"column":3}},"line":53},"2":{"name":"recordSuccess","decl":{"start":{"line":61,"column":2},"end":{"line":71,"column":3}},"loc":{"start":{"line":61,"column":2},"end":{"line":71,"column":3}},"line":61},"3":{"name":"recordFailure","decl":{"start":{"line":77,"column":2},"end":{"line":87,"column":3}},"loc":{"start":{"line":77,"column":2},"end":{"line":87,"column":3}},"line":77},"4":{"name":"isDegraded","decl":{"start":{"line":92,"column":2},"end":{"line":94,"column":3}},"loc":{"start":{"line":92,"column":2},"end":{"line":94,"column":3}},"line":92},"5":{"name":"getOfflineResponse","decl":{"start":{"line":99,"column":2},"end":{"line":102,"column":3}},"loc":{"start":{"line":99,"column":2},"end":{"line":102,"column":3}},"line":99},"6":{"name":"parseBasicCommand","decl":{"start":{"line":108,"column":2},"end":{"line":112,"column":3}},"loc":{"start":{"line":108,"column":2},"end":{"line":112,"column":3}},"line":108},"7":{"name":"dispose","decl":{"start":{"line":117,"column":2},"end":{"line":119,"column":3}},"loc":{"start":{"line":117,"column":2},"end":{"line":119,"column":3}},"line":117},"8":{"name":"enterDegradedMode","decl":{"start":{"line":121,"column":10},"end":{"line":133,"column":3}},"loc":{"start":{"line":121,"column":10},"end":{"line":133,"column":3}},"line":121},"9":{"name":"stopRetryTimer","decl":{"start":{"line":135,"column":10},"end":{"line":140,"column":3}},"loc":{"start":{"line":135,"column":10},"end":{"line":140,"column":3}},"line":135}},"f":{"0":13,"1":0,"2":3,"3":18,"4":7,"5":1,"6":10,"7":0,"8":4,"9":2}}
,"/root/mcar/core/src/agent/prompt-builder.ts": {"path":"/root/mcar/core/src/agent/prompt-builder.ts","all":false,"statementMap":{"12":{"start":{"line":13,"column":0},"end":{"line":13,"column":79}},"27":{"start":{"line":28,"column":0},"end":{"line":28,"column":32}},"44":{"start":{"line":45,"column":0},"end":{"line":45,"column":28}},"45":{"start":{"line":46,"column":0},"end":{"line":46,"column":14}},"46":{"start":{"line":47,"column":0},"end":{"line":47,"column":51}},"47":{"start":{"line":48,"column":0},"end":{"line":48,"column":6}},"49":{"start":{"line":50,"column":0},"end":{"line":50,"column":19}},"50":{"start":{"line":51,"column":0},"end":{"line":51,"column":44}},"51":{"start":{"line":52,"column":0},"end":{"line":52,"column":30}},"52":{"start":{"line":53,"column":0},"end":{"line":53,"column":3}},"54":{"start":{"line":55,"column":0},"end":{"line":55,"column":49}},"55":{"start":{"line":56,"column":0},"end":{"line":56,"column":42}},"58":{"start":{"line":59,"column":0},"end":{"line":59,"column":39}},"61":{"start":{"line":62,"column":0},"end":{"line":62,"column":34}},"62":{"start":{"line":63,"column":0},"end":{"line":63,"column":42}},"63":{"start":{"line":64,"column":0},"end":{"line":64,"column":39}},"64":{"start":{"line":65,"column":0},"end":{"line":65,"column":31}},"65":{"start":{"line":66,"column":0},"end":{"line":66,"column":7}},"66":{"start":{"line":67,"column":0},"end":{"line":67,"column":21}},"67":{"start":{"line":68,"column":0},"end":{"line":68,"column":5}},"70":{"start":{"line":71,"column":0},"end":{"line":71,"column":36}},"71":{"start":{"line":72,"column":0},"end":{"line":72,"column":35}},"72":{"start":{"line":73,"column":0},"end":{"line":73,"column":59}},"73":{"start":{"line":74,"column":0},"end":{"line":74,"column":52}},"74":{"start":{"line":75,"column":0},"end":{"line":75,"column":64}},"75":{"start":{"line":76,"column":0},"end":{"line":76,"column":66}},"76":{"start":{"line":77,"column":0},"end":{"line":77,"column":89}},"77":{"start":{"line":78,"column":0},"end":{"line":78,"column":62}},"78":{"start":{"line":79,"column":0},"end":{"line":79,"column":27}},"79":{"start":{"line":80,"column":0},"end":{"line":80,"column":55}},"80":{"start":{"line":81,"column":0},"end":{"line":81,"column":5}},"81":{"start":{"line":82,"column":0},"end":{"line":82,"column":19}},"84":{"start":{"line":85,"column":0},"end":{"line":85,"column":38}},"85":{"start":{"line":86,"column":0},"end":{"line":86,"column":46}},"86":{"start":{"line":87,"column":0},"end":{"line":87,"column":43}},"87":{"start":{"line":88,"column":0},"end":{"line":88,"column":31}},"88":{"start":{"line":89,"column":0},"end":{"line":89,"column":7}},"89":{"start":{"line":90,"column":0},"end":{"line":90,"column":21}},"90":{"start":{"line":91,"column":0},"end":{"line":91,"column":5}},"93":{"start":{"line":94,"column":0},"end":{"line":94,"column":58}},"94":{"start":{"line":95,"column":0},"end":{"line":95,"column":37}},"95":{"start":{"line":96,"column":0},"end":{"line":96,"column":41}},"96":{"start":{"line":97,"column":0},"end":{"line":97,"column":29}},"97":{"start":{"line":98,"column":0},"end":{"line":98,"column":7}},"98":{"start":{"line":99,"column":0},"end":{"line":99,"column":21}},"99":{"start":{"line":100,"column":0},"end":{"line":100,"column":5}},"101":{"start":{"line":102,"column":0},"end":{"line":102,"column":28}},"102":{"start":{"line":103,"column":0},"end":{"line":103,"column":3}},"103":{"start":{"line":104,"column":0},"end":{"line":104,"column":1}}},"s":{"12":1,"27":1,"44":1,"45":1,"46":6,"47":6,"49":1,"50":6,"51":6,"52":6,"54":1,"55":6,"58":6,"61":6,"62":1,"63":1,"64":2,"65":2,"66":1,"67":1,"70":6,"71":6,"72":6,"73":6,"74":6,"75":6,"76":6,"77":6,"78":6,"79":1,"80":1,"81":6,"84":6,"85":1,"86":1,"87":2,"88":2,"89":1,"90":1,"93":6,"94":1,"95":1,"96":3,"97":3,"98":1,"99":1,"101":6,"102":6,"103":1},"branchMap":{"0":{"type":"branch","line":46,"loc":{"start":{"line":46,"column":2},"end":{"line":48,"column":6}},"locations":[{"start":{"line":46,"column":2},"end":{"line":48,"column":6}}]},"1":{"type":"branch","line":50,"loc":{"start":{"line":50,"column":2},"end":{"line":53,"column":3}},"locations":[{"start":{"line":50,"column":2},"end":{"line":53,"column":3}}]},"2":{"type":"branch","line":55,"loc":{"start":{"line":55,"column":10},"end":{"line":103,"column":3}},"locations":[{"start":{"line":55,"column":10},"end":{"line":103,"column":3}}]},"3":{"type":"branch","line":62,"loc":{"start":{"line":62,"column":33},"end":{"line":68,"column":5}},"locations":[{"start":{"line":62,"column":33},"end":{"line":68,"column":5}}]},"4":{"type":"branch","line":64,"loc":{"start":{"line":64,"column":38},"end":{"line":66,"column":7}},"locations":[{"start":{"line":64,"column":38},"end":{"line":66,"column":7}}]},"5":{"type":"branch","line":73,"loc":{"start":{"line":73,"column":35},"end":{"line":73,"column":55}},"locations":[{"start":{"line":73,"column":35},"end":{"line":73,"column":55}}]},"6":{"type":"branch","line":74,"loc":{"start":{"line":74,"column":32},"end":{"line":74,"column":48}},"locations":[{"start":{"line":74,"column":32},"end":{"line":74,"column":48}}]},"7":{"type":"branch","line":75,"loc":{"start":{"line":75,"column":38},"end":{"line":75,"column":60}},"locations":[{"start":{"line":75,"column":38},"end":{"line":75,"column":60}}]},"8":{"type":"branch","line":76,"loc":{"start":{"line":76,"column":45},"end":{"line":76,"column":62}},"locations":[{"start":{"line":76,"column":45},"end":{"line":76,"column":62}}]},"9":{"type":"branch","line":77,"loc":{"start":{"line":77,"column":48},"end":{"line":77,"column":80}},"locations":[{"start":{"line":77,"column":48},"end":{"line":77,"column":80}}]},"10":{"type":"branch","line":78,"loc":{"start":{"line":78,"column":39},"end":{"line":78,"column":58}},"locations":[{"start":{"line":78,"column":39},"end":{"line":78,"column":58}}]},"11":{"type":"branch","line":79,"loc":{"start":{"line":79,"column":26},"end":{"line":81,"column":5}},"locations":[{"start":{"line":79,"column":26},"end":{"line":81,"column":5}}]},"12":{"type":"branch","line":85,"loc":{"start":{"line":85,"column":37},"end":{"line":91,"column":5}},"locations":[{"start":{"line":85,"column":37},"end":{"line":91,"column":5}}]},"13":{"type":"branch","line":87,"loc":{"start":{"line":87,"column":42},"end":{"line":89,"column":7}},"locations":[{"start":{"line":87,"column":42},"end":{"line":89,"column":7}}]},"14":{"type":"branch","line":94,"loc":{"start":{"line":94,"column":12},"end":{"line":94,"column":57}},"locations":[{"start":{"line":94,"column":12},"end":{"line":94,"column":57}}]},"15":{"type":"branch","line":94,"loc":{"start":{"line":94,"column":57},"end":{"line":100,"column":5}},"locations":[{"start":{"line":94,"column":57},"end":{"line":100,"column":5}}]},"16":{"type":"branch","line":96,"loc":{"start":{"line":96,"column":40},"end":{"line":98,"column":7}},"locations":[{"start":{"line":96,"column":40},"end":{"line":98,"column":7}}]}},"b":{"0":[6],"1":[6],"2":[6],"3":[1],"4":[2],"5":[0],"6":[0],"7":[0],"8":[0],"9":[0],"10":[0],"11":[1],"12":[1],"13":[2],"14":[1],"15":[1],"16":[3]},"fnMap":{"0":{"name":"PromptBuilder","decl":{"start":{"line":46,"column":2},"end":{"line":48,"column":6}},"loc":{"start":{"line":46,"column":2},"end":{"line":48,"column":6}},"line":46},"1":{"name":"build","decl":{"start":{"line":50,"column":2},"end":{"line":53,"column":3}},"loc":{"start":{"line":50,"column":2},"end":{"line":53,"column":3}},"line":50},"2":{"name":"assemble","decl":{"start":{"line":55,"column":10},"end":{"line":103,"column":3}},"loc":{"start":{"line":55,"column":10},"end":{"line":103,"column":3}},"line":55}},"f":{"0":6,"1":6,"2":6}}
,"/root/mcar/core/src/agent/session-summarizer.ts": {"path":"/root/mcar/core/src/agent/session-summarizer.ts","all":false,"statementMap":{"11":{"start":{"line":12,"column":0},"end":{"line":12,"column":65}},"13":{"start":{"line":14,"column":0},"end":{"line":14,"column":65}},"22":{"start":{"line":23,"column":0},"end":{"line":23,"column":42}},"23":{"start":{"line":24,"column":0},"end":{"line":24,"column":29}},"24":{"start":{"line":25,"column":0},"end":{"line":25,"column":25}},"25":{"start":{"line":26,"column":0},"end":{"line":26,"column":2}},"35":{"start":{"line":36,"column":0},"end":{"line":36,"column":49}},"36":{"start":{"line":37,"column":0},"end":{"line":37,"column":49}},"37":{"start":{"line":38,"column":0},"end":{"line":38,"column":42}},"40":{"start":{"line":41,"column":0},"end":{"line":41,"column":54}},"43":{"start":{"line":44,"column":0},"end":{"line":44,"column":33}},"44":{"start":{"line":45,"column":0},"end":{"line":45,"column":56}},"45":{"start":{"line":46,"column":0},"end":{"line":46,"column":69}},"46":{"start":{"line":47,"column":0},"end":{"line":47,"column":35}},"47":{"start":{"line":48,"column":0},"end":{"line":48,"column":17}},"48":{"start":{"line":49,"column":0},"end":{"line":49,"column":3}},"50":{"start":{"line":51,"column":0},"end":{"line":51,"column":12}},"51":{"start":{"line":52,"column":0},"end":{"line":52,"column":1}},"53":{"start":{"line":54,"column":0},"end":{"line":54,"column":32}},"54":{"start":{"line":55,"column":0},"end":{"line":55,"column":44}},"56":{"start":{"line":57,"column":0},"end":{"line":57,"column":14}},"57":{"start":{"line":58,"column":0},"end":{"line":58,"column":39}},"58":{"start":{"line":59,"column":0},"end":{"line":59,"column":37}},"59":{"start":{"line":60,"column":0},"end":{"line":60,"column":38}},"60":{"start":{"line":61,"column":0},"end":{"line":61,"column":5}},"61":{"start":{"line":62,"column":0},"end":{"line":62,"column":51}},"62":{"start":{"line":63,"column":0},"end":{"line":63,"column":3}},"67":{"start":{"line":68,"column":0},"end":{"line":68,"column":53}},"68":{"start":{"line":69,"column":0},"end":{"line":69,"column":61}},"69":{"start":{"line":70,"column":0},"end":{"line":70,"column":3}},"75":{"start":{"line":76,"column":0},"end":{"line":76,"column":70}},"76":{"start":{"line":77,"column":0},"end":{"line":77,"column":53}},"77":{"start":{"line":78,"column":0},"end":{"line":78,"column":54}},"79":{"start":{"line":80,"column":0},"end":{"line":80,"column":71}},"80":{"start":{"line":81,"column":0},"end":{"line":81,"column":63}},"82":{"start":{"line":83,"column":0},"end":{"line":83,"column":28}},"83":{"start":{"line":84,"column":0},"end":{"line":84,"column":9}},"84":{"start":{"line":85,"column":0},"end":{"line":85,"column":57}},"85":{"start":{"line":86,"column":0},"end":{"line":86,"column":13}},"86":{"start":{"line":87,"column":0},"end":{"line":87,"column":53}},"87":{"start":{"line":88,"column":0},"end":{"line":88,"column":5}},"89":{"start":{"line":90,"column":0},"end":{"line":90,"column":42}},"90":{"start":{"line":91,"column":0},"end":{"line":91,"column":19}},"91":{"start":{"line":92,"column":0},"end":{"line":92,"column":65}},"92":{"start":{"line":93,"column":0},"end":{"line":93,"column":28}},"93":{"start":{"line":94,"column":0},"end":{"line":94,"column":6}},"95":{"start":{"line":96,"column":0},"end":{"line":96,"column":39}},"96":{"start":{"line":97,"column":0},"end":{"line":97,"column":3}},"101":{"start":{"line":102,"column":0},"end":{"line":102,"column":73}},"102":{"start":{"line":103,"column":0},"end":{"line":103,"column":37}},"103":{"start":{"line":104,"column":0},"end":{"line":104,"column":19}},"104":{"start":{"line":105,"column":0},"end":{"line":105,"column":69}},"105":{"start":{"line":106,"column":0},"end":{"line":106,"column":36}},"106":{"start":{"line":107,"column":0},"end":{"line":107,"column":47}},"107":{"start":{"line":108,"column":0},"end":{"line":108,"column":8}},"108":{"start":{"line":109,"column":0},"end":{"line":109,"column":22}},"109":{"start":{"line":110,"column":0},"end":{"line":110,"column":18}},"111":{"start":{"line":112,"column":0},"end":{"line":112,"column":40}},"112":{"start":{"line":113,"column":0},"end":{"line":113,"column":17}},"113":{"start":{"line":114,"column":0},"end":{"line":114,"column":7}},"114":{"start":{"line":115,"column":0},"end":{"line":115,"column":21}},"115":{"start":{"line":116,"column":0},"end":{"line":116,"column":112}},"117":{"start":{"line":118,"column":0},"end":{"line":118,"column":19}},"118":{"start":{"line":119,"column":0},"end":{"line":119,"column":11}},"119":{"start":{"line":120,"column":0},"end":{"line":120,"column":25}},"120":{"start":{"line":121,"column":0},"end":{"line":121,"column":75}},"121":{"start":{"line":122,"column":0},"end":{"line":122,"column":34}},"122":{"start":{"line":123,"column":0},"end":{"line":123,"column":12}},"123":{"start":{"line":124,"column":0},"end":{"line":124,"column":10}},"124":{"start":{"line":125,"column":0},"end":{"line":125,"column":8}},"125":{"start":{"line":126,"column":0},"end":{"line":126,"column":7}},"126":{"start":{"line":127,"column":0},"end":{"line":127,"column":28}},"127":{"start":{"line":128,"column":0},"end":{"line":128,"column":7}},"128":{"start":{"line":129,"column":0},"end":{"line":129,"column":6}},"131":{"start":{"line":132,"column":0},"end":{"line":132,"column":31}},"132":{"start":{"line":133,"column":0},"end":{"line":133,"column":76}},"133":{"start":{"line":134,"column":0},"end":{"line":134,"column":25}},"134":{"start":{"line":135,"column":0},"end":{"line":135,"column":16}},"135":{"start":{"line":136,"column":0},"end":{"line":136,"column":14}},"137":{"start":{"line":138,"column":0},"end":{"line":138,"column":57}},"138":{"start":{"line":139,"column":0},"end":{"line":139,"column":16}},"139":{"start":{"line":140,"column":0},"end":{"line":140,"column":3}},"144":{"start":{"line":145,"column":0},"end":{"line":145,"column":52}},"145":{"start":{"line":146,"column":0},"end":{"line":146,"column":72}},"146":{"start":{"line":147,"column":0},"end":{"line":147,"column":46}},"147":{"start":{"line":148,"column":0},"end":{"line":148,"column":45}},"148":{"start":{"line":149,"column":0},"end":{"line":149,"column":38}},"149":{"start":{"line":150,"column":0},"end":{"line":150,"column":58}},"150":{"start":{"line":151,"column":0},"end":{"line":151,"column":13}},"152":{"start":{"line":153,"column":0},"end":{"line":153,"column":35}},"153":{"start":{"line":154,"column":0},"end":{"line":154,"column":36}},"154":{"start":{"line":155,"column":0},"end":{"line":155,"column":5}},"156":{"start":{"line":157,"column":0},"end":{"line":157,"column":63}},"157":{"start":{"line":158,"column":0},"end":{"line":158,"column":3}},"158":{"start":{"line":159,"column":0},"end":{"line":159,"column":1}}},"s":{"11":1,"13":1,"22":1,"23":1,"24":1,"25":1,"35":33,"36":33,"37":33,"40":33,"43":16,"44":16,"45":16,"46":16,"47":16,"48":16,"50":0,"51":0,"53":1,"54":1,"56":1,"57":10,"58":10,"59":10,"60":10,"61":10,"62":10,"67":1,"68":5,"69":5,"75":1,"76":4,"77":4,"79":3,"80":3,"82":3,"83":3,"84":3,"85":4,"86":1,"87":1,"89":3,"90":3,"91":3,"92":3,"93":3,"95":3,"96":4,"101":1,"102":3,"103":3,"104":26,"105":26,"106":26,"107":3,"108":3,"109":3,"111":3,"112":3,"113":3,"114":3,"115":3,"117":3,"118":3,"119":3,"120":3,"121":3,"122":3,"123":3,"124":3,"125":3,"126":3,"127":3,"128":3,"131":2,"132":2,"133":2,"134":2,"135":2,"137":3,"138":2,"139":3,"144":1,"145":3,"146":3,"147":3,"148":3,"149":3,"150":3,"152":3,"153":1,"154":1,"156":2,"157":3,"158":1},"branchMap":{"0":{"type":"branch","line":36,"loc":{"start":{"line":36,"column":0},"end":{"line":52,"column":1}},"locations":[{"start":{"line":36,"column":0},"end":{"line":52,"column":1}}]},"1":{"type":"branch","line":37,"loc":{"start":{"line":37,"column":39},"end":{"line":37,"column":49}},"locations":[{"start":{"line":37,"column":39},"end":{"line":37,"column":49}}]},"2":{"type":"branch","line":41,"loc":{"start":{"line":41,"column":37},"end":{"line":41,"column":54}},"locations":[{"start":{"line":41,"column":37},"end":{"line":41,"column":54}}]},"3":{"type":"branch","line":41,"loc":{"start":{"line":41,"column":46},"end":{"line":49,"column":3}},"locations":[{"start":{"line":41,"column":46},"end":{"line":49,"column":3}}]},"4":{"type":"branch","line":49,"loc":{"start":{"line":49,"column":2},"end":{"line":52,"column":1}},"locations":[{"start":{"line":49,"column":2},"end":{"line":52,"column":1}}]},"5":{"type":"branch","line":46,"loc":{"start":{"line":46,"column":14},"end":{"line":46,"column":68}},"locations":[{"start":{"line":46,"column":14},"end":{"line":46,"column":68}}]},"6":{"type":"branch","line":47,"loc":{"start":{"line":47,"column":11},"end":{"line":47,"column":34}},"locations":[{"start":{"line":47,"column":11},"end":{"line":47,"column":34}}]},"7":{"type":"branch","line":57,"loc":{"start":{"line":57,"column":2},"end":{"line":63,"column":3}},"locations":[{"start":{"line":57,"column":2},"end":{"line":63,"column":3}}]},"8":{"type":"branch","line":63,"loc":{"start":{"line":63,"column":2},"end":{"line":63,"column":3}},"locations":[{"start":{"line":63,"column":2},"end":{"line":63,"column":3}}]},"9":{"type":"branch","line":68,"loc":{"start":{"line":68,"column":2},"end":{"line":70,"column":3}},"locations":[{"start":{"line":68,"column":2},"end":{"line":70,"column":3}}]},"10":{"type":"branch","line":76,"loc":{"start":{"line":76,"column":2},"end":{"line":97,"column":3}},"locations":[{"start":{"line":76,"column":2},"end":{"line":97,"column":3}}]},"11":{"type":"branch","line":78,"loc":{"start":{"line":78,"column":38},"end":{"line":78,"column":54}},"locations":[{"start":{"line":78,"column":38},"end":{"line":78,"column":54}}]},"12":{"type":"branch","line":78,"loc":{"start":{"line":78,"column":45},"end":{"line":85,"column":57}},"locations":[{"start":{"line":78,"column":45},"end":{"line":85,"column":57}}]},"13":{"type":"branch","line":85,"loc":{"start":{"line":85,"column":55},"end":{"line":86,"column":12}},"locations":[{"start":{"line":85,"column":55},"end":{"line":86,"column":12}}]},"14":{"type":"branch","line":86,"loc":{"start":{"line":86,"column":4},"end":{"line":88,"column":5}},"locations":[{"start":{"line":86,"column":4},"end":{"line":88,"column":5}}]},"15":{"type":"branch","line":88,"loc":{"start":{"line":88,"column":4},"end":{"line":96,"column":39}},"locations":[{"start":{"line":88,"column":4},"end":{"line":96,"column":39}}]},"16":{"type":"branch","line":102,"loc":{"start":{"line":102,"column":2},"end":{"line":140,"column":3}},"locations":[{"start":{"line":102,"column":2},"end":{"line":140,"column":3}}]},"17":{"type":"branch","line":129,"loc":{"start":{"line":129,"column":4},"end":{"line":138,"column":21}},"locations":[{"start":{"line":129,"column":4},"end":{"line":138,"column":21}}]},"18":{"type":"branch","line":138,"loc":{"start":{"line":138,"column":15},"end":{"line":138,"column":57}},"locations":[{"start":{"line":138,"column":15},"end":{"line":138,"column":57}}]},"19":{"type":"branch","line":138,"loc":{"start":{"line":138,"column":55},"end":{"line":139,"column":16}},"locations":[{"start":{"line":138,"column":55},"end":{"line":139,"column":16}}]},"20":{"type":"branch","line":104,"loc":{"start":{"line":104,"column":11},"end":{"line":108,"column":7}},"locations":[{"start":{"line":104,"column":11},"end":{"line":108,"column":7}}]},"21":{"type":"branch","line":105,"loc":{"start":{"line":105,"column":51},"end":{"line":105,"column":69}},"locations":[{"start":{"line":105,"column":51},"end":{"line":105,"column":69}}]},"22":{"type":"branch","line":107,"loc":{"start":{"line":107,"column":39},"end":{"line":107,"column":47}},"locations":[{"start":{"line":107,"column":39},"end":{"line":107,"column":47}}]},"23":{"type":"branch","line":133,"loc":{"start":{"line":133,"column":14},"end":{"line":133,"column":75}},"locations":[{"start":{"line":133,"column":14},"end":{"line":133,"column":75}}]},"24":{"type":"branch","line":134,"loc":{"start":{"line":134,"column":11},"end":{"line":134,"column":24}},"locations":[{"start":{"line":134,"column":11},"end":{"line":134,"column":24}}]},"25":{"type":"branch","line":145,"loc":{"start":{"line":145,"column":2},"end":{"line":158,"column":3}},"locations":[{"start":{"line":145,"column":2},"end":{"line":158,"column":3}}]},"26":{"type":"branch","line":153,"loc":{"start":{"line":153,"column":34},"end":{"line":155,"column":5}},"locations":[{"start":{"line":153,"column":34},"end":{"line":155,"column":5}}]},"27":{"type":"branch","line":155,"loc":{"start":{"line":155,"column":4},"end":{"line":157,"column":63}},"locations":[{"start":{"line":155,"column":4},"end":{"line":157,"column":63}}]},"28":{"type":"branch","line":150,"loc":{"start":{"line":150,"column":6},"end":{"line":150,"column":58}},"locations":[{"start":{"line":150,"column":6},"end":{"line":150,"column":58}}]}},"b":{"0":[33],"1":[0],"2":[17],"3":[16],"4":[0],"5":[16],"6":[16],"7":[10],"8":[10],"9":[5],"10":[4],"11":[1],"12":[3],"13":[2],"14":[1],"15":[3],"16":[3],"17":[2],"18":[0],"19":[2],"20":[26],"21":[0],"22":[0],"23":[2],"24":[2],"25":[3],"26":[1],"27":[2],"28":[7]},"fnMap":{"0":{"name":"extractText","decl":{"start":{"line":36,"column":0},"end":{"line":52,"column":1}},"loc":{"start":{"line":36,"column":0},"end":{"line":52,"column":1}},"line":36},"1":{"name":"SessionSummarizer","decl":{"start":{"line":57,"column":2},"end":{"line":63,"column":3}},"loc":{"start":{"line":57,"column":2},"end":{"line":63,"column":3}},"line":57},"2":{"name":"<instance_members_initializer>","decl":{"start":{"line":63,"column":2},"end":{"line":63,"column":3}},"loc":{"start":{"line":63,"column":2},"end":{"line":63,"column":3}},"line":63},"3":{"name":"needsSummarization","decl":{"start":{"line":68,"column":2},"end":{"line":70,"column":3}},"loc":{"start":{"line":68,"column":2},"end":{"line":70,"column":3}},"line":68},"4":{"name":"summarize","decl":{"start":{"line":76,"column":2},"end":{"line":97,"column":3}},"loc":{"start":{"line":76,"column":2},"end":{"line":97,"column":3}},"line":76},"5":{"name":"llmSummarize","decl":{"start":{"line":102,"column":2},"end":{"line":140,"column":3}},"loc":{"start":{"line":102,"column":2},"end":{"line":140,"column":3}},"line":102},"6":{"name":"localSummarize","decl":{"start":{"line":145,"column":2},"end":{"line":158,"column":3}},"loc":{"start":{"line":145,"column":2},"end":{"line":158,"column":3}},"line":145}},"f":{"0":33,"1":10,"2":10,"3":5,"4":4,"5":3,"6":3}}
,"/root/mcar/core/src/agent/tool-adapter.ts": {"path":"/root/mcar/core/src/agent/tool-adapter.ts","all":false,"statementMap":{"9":{"start":{"line":10,"column":0},"end":{"line":10,"column":55}},"15":{"start":{"line":16,"column":0},"end":{"line":16,"column":53}},"19":{"start":{"line":20,"column":0},"end":{"line":20,"column":34}},"25":{"start":{"line":26,"column":0},"end":{"line":26,"column":72}},"26":{"start":{"line":27,"column":0},"end":{"line":27,"column":44}},"27":{"start":{"line":28,"column":0},"end":{"line":28,"column":27}},"28":{"start":{"line":29,"column":0},"end":{"line":29,"column":3}},"30":{"start":{"line":31,"column":0},"end":{"line":31,"column":90}},"31":{"start":{"line":32,"column":0},"end":{"line":32,"column":55}},"32":{"start":{"line":33,"column":0},"end":{"line":33,"column":44}},"34":{"start":{"line":35,"column":0},"end":{"line":35,"column":63}},"35":{"start":{"line":36,"column":0},"end":{"line":36,"column":46}},"36":{"start":{"line":37,"column":0},"end":{"line":37,"column":23}},"38":{"start":{"line":39,"column":0},"end":{"line":39,"column":30}},"39":{"start":{"line":40,"column":0},"end":{"line":40,"column":20}},"40":{"start":{"line":41,"column":0},"end":{"line":41,"column":91}},"41":{"start":{"line":42,"column":0},"end":{"line":42,"column":14}},"42":{"start":{"line":43,"column":0},"end":{"line":43,"column":20}},"43":{"start":{"line":44,"column":0},"end":{"line":44,"column":29}},"44":{"start":{"line":45,"column":0},"end":{"line":45,"column":68}},"45":{"start":{"line":46,"column":0},"end":{"line":46,"column":60}},"46":{"start":{"line":47,"column":0},"end":{"line":47,"column":60}},"47":{"start":{"line":48,"column":0},"end":{"line":48,"column":11}},"48":{"start":{"line":49,"column":0},"end":{"line":49,"column":14}},"49":{"start":{"line":50,"column":0},"end":{"line":50,"column":21}},"50":{"start":{"line":51,"column":0},"end":{"line":51,"column":30}},"51":{"start":{"line":52,"column":0},"end":{"line":52,"column":68}},"52":{"start":{"line":53,"column":0},"end":{"line":53,"column":60}},"53":{"start":{"line":54,"column":0},"end":{"line":54,"column":60}},"54":{"start":{"line":55,"column":0},"end":{"line":55,"column":11}},"55":{"start":{"line":56,"column":0},"end":{"line":56,"column":14}},"56":{"start":{"line":57,"column":0},"end":{"line":57,"column":21}},"57":{"start":{"line":58,"column":0},"end":{"line":58,"column":92}},"58":{"start":{"line":59,"column":0},"end":{"line":59,"column":14}},"59":{"start":{"line":60,"column":0},"end":{"line":60,"column":19}},"60":{"start":{"line":61,"column":0},"end":{"line":61,"column":43}},"61":{"start":{"line":62,"column":0},"end":{"line":62,"column":14}},"62":{"start":{"line":63,"column":0},"end":{"line":63,"column":14}},"63":{"start":{"line":64,"column":0},"end":{"line":64,"column":31}},"64":{"start":{"line":65,"column":0},"end":{"line":65,"column":5}},"66":{"start":{"line":67,"column":0},"end":{"line":67,"column":59}},"67":{"start":{"line":68,"column":0},"end":{"line":68,"column":3}},"69":{"start":{"line":70,"column":0},"end":{"line":70,"column":28}},"70":{"start":{"line":71,"column":0},"end":{"line":71,"column":1}},"75":{"start":{"line":76,"column":0},"end":{"line":76,"column":33}},"76":{"start":{"line":77,"column":0},"end":{"line":77,"column":23}},"77":{"start":{"line":78,"column":0},"end":{"line":78,"column":31}},"78":{"start":{"line":79,"column":0},"end":{"line":79,"column":29}},"79":{"start":{"line":80,"column":0},"end":{"line":80,"column":27}},"80":{"start":{"line":81,"column":0},"end":{"line":81,"column":37}},"81":{"start":{"line":82,"column":0},"end":{"line":82,"column":14}},"82":{"start":{"line":83,"column":0},"end":{"line":83,"column":10}},"83":{"start":{"line":84,"column":0},"end":{"line":84,"column":29}},"84":{"start":{"line":85,"column":0},"end":{"line":85,"column":21}},"85":{"start":{"line":86,"column":0},"end":{"line":86,"column":66}},"86":{"start":{"line":87,"column":0},"end":{"line":87,"column":56}},"87":{"start":{"line":88,"column":0},"end":{"line":88,"column":62}},"88":{"start":{"line":89,"column":0},"end":{"line":89,"column":29}},"90":{"start":{"line":91,"column":0},"end":{"line":91,"column":58}},"92":{"start":{"line":93,"column":0},"end":{"line":93,"column":54}},"93":{"start":{"line":94,"column":0},"end":{"line":94,"column":42}},"94":{"start":{"line":95,"column":0},"end":{"line":95,"column":45}},"95":{"start":{"line":96,"column":0},"end":{"line":96,"column":76}},"96":{"start":{"line":97,"column":0},"end":{"line":97,"column":25}},"97":{"start":{"line":98,"column":0},"end":{"line":98,"column":9}},"100":{"start":{"line":101,"column":0},"end":{"line":101,"column":92}},"102":{"start":{"line":103,"column":0},"end":{"line":103,"column":39}},"103":{"start":{"line":104,"column":0},"end":{"line":104,"column":57}},"104":{"start":{"line":105,"column":0},"end":{"line":105,"column":44}},"105":{"start":{"line":106,"column":0},"end":{"line":106,"column":30}},"106":{"start":{"line":107,"column":0},"end":{"line":107,"column":34}},"107":{"start":{"line":108,"column":0},"end":{"line":108,"column":11}},"108":{"start":{"line":109,"column":0},"end":{"line":109,"column":16}},"109":{"start":{"line":110,"column":0},"end":{"line":110,"column":85}},"110":{"start":{"line":111,"column":0},"end":{"line":111,"column":57}},"111":{"start":{"line":112,"column":0},"end":{"line":112,"column":10}},"112":{"start":{"line":113,"column":0},"end":{"line":113,"column":7}},"114":{"start":{"line":115,"column":0},"end":{"line":115,"column":43}},"115":{"start":{"line":116,"column":0},"end":{"line":116,"column":67}},"116":{"start":{"line":117,"column":0},"end":{"line":117,"column":44}},"117":{"start":{"line":118,"column":0},"end":{"line":118,"column":34}},"118":{"start":{"line":119,"column":0},"end":{"line":119,"column":11}},"119":{"start":{"line":120,"column":0},"end":{"line":120,"column":16}},"120":{"start":{"line":121,"column":0},"end":{"line":121,"column":20}},"121":{"start":{"line":122,"column":0},"end":{"line":122,"column":13}},"122":{"start":{"line":123,"column":0},"end":{"line":123,"column":27}},"123":{"start":{"line":124,"column":0},"end":{"line":124,"column":133}},"124":{"start":{"line":125,"column":0},"end":{"line":125,"column":14}},"125":{"start":{"line":126,"column":0},"end":{"line":126,"column":12}},"126":{"start":{"line":127,"column":0},"end":{"line":127,"column":72}},"127":{"start":{"line":128,"column":0},"end":{"line":128,"column":10}},"128":{"start":{"line":129,"column":0},"end":{"line":129,"column":7}},"131":{"start":{"line":132,"column":0},"end":{"line":132,"column":99}},"133":{"start":{"line":134,"column":0},"end":{"line":134,"column":27}},"134":{"start":{"line":135,"column":0},"end":{"line":135,"column":58}},"135":{"start":{"line":136,"column":0},"end":{"line":136,"column":44}},"136":{"start":{"line":137,"column":0},"end":{"line":137,"column":48}},"137":{"start":{"line":138,"column":0},"end":{"line":138,"column":62}},"138":{"start":{"line":139,"column":0},"end":{"line":139,"column":27}},"139":{"start":{"line":140,"column":0},"end":{"line":140,"column":11}},"141":{"start":{"line":142,"column":0},"end":{"line":142,"column":16}},"142":{"start":{"line":143,"column":0},"end":{"line":143,"column":73}},"143":{"start":{"line":144,"column":0},"end":{"line":144,"column":37}},"144":{"start":{"line":145,"column":0},"end":{"line":145,"column":10}},"145":{"start":{"line":146,"column":0},"end":{"line":146,"column":7}},"147":{"start":{"line":148,"column":0},"end":{"line":148,"column":55}},"148":{"start":{"line":149,"column":0},"end":{"line":149,"column":42}},"149":{"start":{"line":150,"column":0},"end":{"line":150,"column":28}},"150":{"start":{"line":151,"column":0},"end":{"line":151,"column":9}},"152":{"start":{"line":153,"column":0},"end":{"line":153,"column":32}},"153":{"start":{"line":154,"column":0},"end":{"line":154,"column":31}},"154":{"start":{"line":155,"column":0},"end":{"line":155,"column":55}},"155":{"start":{"line":156,"column":0},"end":{"line":156,"column":58}},"156":{"start":{"line":157,"column":0},"end":{"line":157,"column":42}},"157":{"start":{"line":158,"column":0},"end":{"line":158,"column":9}},"159":{"start":{"line":160,"column":0},"end":{"line":160,"column":64}},"160":{"start":{"line":161,"column":0},"end":{"line":161,"column":6}},"161":{"start":{"line":162,"column":0},"end":{"line":162,"column":4}},"162":{"start":{"line":163,"column":0},"end":{"line":163,"column":1}},"167":{"start":{"line":168,"column":0},"end":{"line":168,"column":33}},"168":{"start":{"line":169,"column":0},"end":{"line":169,"column":31}},"169":{"start":{"line":170,"column":0},"end":{"line":170,"column":26}},"170":{"start":{"line":171,"column":0},"end":{"line":171,"column":16}},"171":{"start":{"line":172,"column":0},"end":{"line":172,"column":34}},"172":{"start":{"line":173,"column":0},"end":{"line":173,"column":32}},"173":{"start":{"line":174,"column":0},"end":{"line":174,"column":28}},"174":{"start":{"line":175,"column":0},"end":{"line":175,"column":126}},"175":{"start":{"line":176,"column":0},"end":{"line":176,"column":29}},"176":{"start":{"line":177,"column":0},"end":{"line":177,"column":134}},"177":{"start":{"line":178,"column":0},"end":{"line":178,"column":90}},"178":{"start":{"line":179,"column":0},"end":{"line":179,"column":93}},"179":{"start":{"line":180,"column":0},"end":{"line":180,"column":7}},"180":{"start":{"line":181,"column":0},"end":{"line":181,"column":44}},"181":{"start":{"line":182,"column":0},"end":{"line":182,"column":53}},"182":{"start":{"line":183,"column":0},"end":{"line":183,"column":56}},"184":{"start":{"line":185,"column":0},"end":{"line":185,"column":79}},"188":{"start":{"line":189,"column":0},"end":{"line":189,"column":14}},"189":{"start":{"line":190,"column":0},"end":{"line":190,"column":18}},"190":{"start":{"line":191,"column":0},"end":{"line":191,"column":11}},"191":{"start":{"line":192,"column":0},"end":{"line":192,"column":25}},"192":{"start":{"line":193,"column":0},"end":{"line":193,"column":83}},"193":{"start":{"line":194,"column":0},"end":{"line":194,"column":12}},"194":{"start":{"line":195,"column":0},"end":{"line":195,"column":10}},"195":{"start":{"line":196,"column":0},"end":{"line":196,"column":18}},"196":{"start":{"line":197,"column":0},"end":{"line":197,"column":34}},"197":{"start":{"line":198,"column":0},"end":{"line":198,"column":27}},"198":{"start":{"line":199,"column":0},"end":{"line":199,"column":26}},"199":{"start":{"line":200,"column":0},"end":{"line":200,"column":20}},"200":{"start":{"line":201,"column":0},"end":{"line":201,"column":45}},"201":{"start":{"line":202,"column":0},"end":{"line":202,"column":12}},"202":{"start":{"line":203,"column":0},"end":{"line":203,"column":10}},"203":{"start":{"line":204,"column":0},"end":{"line":204,"column":8}},"204":{"start":{"line":205,"column":0},"end":{"line":205,"column":6}},"205":{"start":{"line":206,"column":0},"end":{"line":206,"column":4}},"207":{"start":{"line":208,"column":0},"end":{"line":208,"column":33}},"208":{"start":{"line":209,"column":0},"end":{"line":209,"column":31}},"209":{"start":{"line":210,"column":0},"end":{"line":210,"column":27}},"210":{"start":{"line":211,"column":0},"end":{"line":211,"column":98}},"211":{"start":{"line":212,"column":0},"end":{"line":212,"column":29}},"212":{"start":{"line":213,"column":0},"end":{"line":213,"column":66}},"213":{"start":{"line":214,"column":0},"end":{"line":214,"column":7}},"214":{"start":{"line":215,"column":0},"end":{"line":215,"column":44}},"215":{"start":{"line":216,"column":0},"end":{"line":216,"column":46}},"216":{"start":{"line":217,"column":0},"end":{"line":217,"column":46}},"218":{"start":{"line":219,"column":0},"end":{"line":219,"column":19}},"219":{"start":{"line":220,"column":0},"end":{"line":220,"column":16}},"220":{"start":{"line":221,"column":0},"end":{"line":221,"column":81}},"221":{"start":{"line":222,"column":0},"end":{"line":222,"column":38}},"222":{"start":{"line":223,"column":0},"end":{"line":223,"column":10}},"223":{"start":{"line":224,"column":0},"end":{"line":224,"column":7}},"225":{"start":{"line":226,"column":0},"end":{"line":226,"column":47}},"226":{"start":{"line":227,"column":0},"end":{"line":227,"column":82}},"228":{"start":{"line":229,"column":0},"end":{"line":229,"column":14}},"229":{"start":{"line":230,"column":0},"end":{"line":230,"column":18}},"230":{"start":{"line":231,"column":0},"end":{"line":231,"column":110}},"231":{"start":{"line":232,"column":0},"end":{"line":232,"column":10}},"232":{"start":{"line":233,"column":0},"end":{"line":233,"column":38}},"233":{"start":{"line":234,"column":0},"end":{"line":234,"column":8}},"234":{"start":{"line":235,"column":0},"end":{"line":235,"column":6}},"235":{"start":{"line":236,"column":0},"end":{"line":236,"column":4}},"237":{"start":{"line":238,"column":0},"end":{"line":238,"column":32}},"238":{"start":{"line":239,"column":0},"end":{"line":239,"column":30}},"239":{"start":{"line":240,"column":0},"end":{"line":240,"column":28}},"240":{"start":{"line":241,"column":0},"end":{"line":241,"column":81}},"241":{"start":{"line":242,"column":0},"end":{"line":242,"column":29}},"242":{"start":{"line":243,"column":0},"end":{"line":243,"column":143}},"243":{"start":{"line":244,"column":0},"end":{"line":244,"column":7}},"244":{"start":{"line":245,"column":0},"end":{"line":245,"column":44}},"245":{"start":{"line":246,"column":0},"end":{"line":246,"column":57}},"247":{"start":{"line":248,"column":0},"end":{"line":248,"column":76}},"249":{"start":{"line":250,"column":0},"end":{"line":250,"column":14}},"250":{"start":{"line":251,"column":0},"end":{"line":251,"column":18}},"251":{"start":{"line":252,"column":0},"end":{"line":252,"column":11}},"252":{"start":{"line":253,"column":0},"end":{"line":253,"column":25}},"253":{"start":{"line":254,"column":0},"end":{"line":254,"column":101}},"254":{"start":{"line":255,"column":0},"end":{"line":255,"column":12}},"255":{"start":{"line":256,"column":0},"end":{"line":256,"column":10}},"256":{"start":{"line":257,"column":0},"end":{"line":257,"column":18}},"257":{"start":{"line":258,"column":0},"end":{"line":258,"column":34}},"258":{"start":{"line":259,"column":0},"end":{"line":259,"column":29}},"259":{"start":{"line":260,"column":0},"end":{"line":260,"column":10}},"260":{"start":{"line":261,"column":0},"end":{"line":261,"column":8}},"261":{"start":{"line":262,"column":0},"end":{"line":262,"column":6}},"262":{"start":{"line":263,"column":0},"end":{"line":263,"column":4}},"264":{"start":{"line":265,"column":0},"end":{"line":265,"column":31}},"265":{"start":{"line":266,"column":0},"end":{"line":266,"column":29}},"266":{"start":{"line":267,"column":0},"end":{"line":267,"column":27}},"267":{"start":{"line":268,"column":0},"end":{"line":268,"column":91}},"268":{"start":{"line":269,"column":0},"end":{"line":269,"column":29}},"269":{"start":{"line":270,"column":0},"end":{"line":270,"column":81}},"270":{"start":{"line":271,"column":0},"end":{"line":271,"column":7}},"271":{"start":{"line":272,"column":0},"end":{"line":272,"column":44}},"272":{"start":{"line":273,"column":0},"end":{"line":273,"column":68}},"273":{"start":{"line":274,"column":0},"end":{"line":274,"column":72}},"274":{"start":{"line":275,"column":0},"end":{"line":275,"column":59}},"276":{"start":{"line":277,"column":0},"end":{"line":277,"column":14}},"277":{"start":{"line":278,"column":0},"end":{"line":278,"column":18}},"278":{"start":{"line":279,"column":0},"end":{"line":279,"column":11}},"279":{"start":{"line":280,"column":0},"end":{"line":280,"column":25}},"280":{"start":{"line":281,"column":0},"end":{"line":281,"column":38}},"281":{"start":{"line":282,"column":0},"end":{"line":282,"column":75}},"282":{"start":{"line":283,"column":0},"end":{"line":283,"column":37}},"283":{"start":{"line":284,"column":0},"end":{"line":284,"column":12}},"284":{"start":{"line":285,"column":0},"end":{"line":285,"column":10}},"285":{"start":{"line":286,"column":0},"end":{"line":286,"column":41}},"286":{"start":{"line":287,"column":0},"end":{"line":287,"column":8}},"287":{"start":{"line":288,"column":0},"end":{"line":288,"column":6}},"288":{"start":{"line":289,"column":0},"end":{"line":289,"column":4}},"290":{"start":{"line":291,"column":0},"end":{"line":291,"column":56}},"291":{"start":{"line":292,"column":0},"end":{"line":292,"column":1}},"296":{"start":{"line":297,"column":0},"end":{"line":297,"column":39}},"297":{"start":{"line":298,"column":0},"end":{"line":298,"column":66}},"298":{"start":{"line":299,"column":0},"end":{"line":299,"column":31}},"299":{"start":{"line":300,"column":0},"end":{"line":300,"column":29}},"300":{"start":{"line":301,"column":0},"end":{"line":301,"column":27}},"301":{"start":{"line":302,"column":0},"end":{"line":302,"column":32}},"302":{"start":{"line":303,"column":0},"end":{"line":303,"column":37}},"303":{"start":{"line":304,"column":0},"end":{"line":304,"column":16}},"304":{"start":{"line":305,"column":0},"end":{"line":305,"column":39}},"305":{"start":{"line":306,"column":0},"end":{"line":306,"column":83}},"306":{"start":{"line":307,"column":0},"end":{"line":307,"column":4}},"309":{"start":{"line":310,"column":0},"end":{"line":310,"column":22}},"310":{"start":{"line":311,"column":0},"end":{"line":311,"column":64}},"311":{"start":{"line":312,"column":0},"end":{"line":312,"column":3}},"313":{"start":{"line":314,"column":0},"end":{"line":314,"column":15}},"314":{"start":{"line":315,"column":0},"end":{"line":315,"column":1}}},"s":{"9":1,"15":1,"19":1,"25":4,"26":4,"27":0,"28":0,"30":4,"31":4,"32":4,"34":4,"35":4,"36":4,"38":4,"39":4,"40":4,"41":4,"42":4,"43":0,"44":0,"45":0,"46":0,"47":0,"48":0,"49":4,"50":0,"51":0,"52":0,"53":0,"54":0,"55":0,"56":4,"57":0,"58":0,"59":4,"60":0,"61":0,"62":4,"63":0,"64":4,"66":4,"67":4,"69":4,"70":4,"75":1,"76":4,"77":4,"78":4,"79":4,"80":4,"81":4,"82":4,"83":4,"84":4,"85":4,"86":4,"87":4,"88":3,"90":3,"92":3,"93":3,"94":3,"95":3,"96":0,"97":3,"100":3,"102":3,"103":1,"104":1,"105":1,"106":1,"107":1,"108":1,"109":1,"110":1,"111":1,"112":1,"114":3,"115":1,"116":1,"117":1,"118":1,"119":1,"120":1,"121":1,"122":1,"123":1,"124":1,"125":1,"126":1,"127":1,"128":1,"131":1,"133":1,"134":1,"135":1,"136":1,"137":1,"138":0,"139":1,"141":1,"142":1,"143":1,"144":1,"145":1,"147":0,"148":0,"149":0,"150":0,"152":3,"153":3,"154":3,"155":3,"156":3,"157":3,"159":3,"160":3,"161":4,"162":4,"167":1,"168":0,"169":0,"170":0,"171":0,"172":0,"173":0,"174":0,"175":0,"176":0,"177":0,"178":0,"179":0,"180":0,"181":0,"182":0,"184":0,"188":0,"189":0,"190":0,"191":0,"192":0,"193":0,"194":0,"195":0,"196":0,"197":0,"198":0,"199":0,"200":0,"201":0,"202":0,"203":0,"204":0,"205":0,"207":0,"208":0,"209":0,"210":0,"211":0,"212":0,"213":0,"214":0,"215":0,"216":0,"218":0,"219":0,"220":0,"221":0,"222":0,"223":0,"225":0,"226":0,"228":0,"229":0,"230":0,"231":0,"232":0,"233":0,"234":0,"235":0,"237":0,"238":0,"239":0,"240":0,"241":0,"242":0,"243":0,"244":0,"245":0,"247":0,"249":0,"250":0,"251":0,"252":0,"253":0,"254":0,"255":0,"256":0,"257":0,"258":0,"259":0,"260":0,"261":0,"262":0,"264":0,"265":0,"266":0,"267":0,"268":0,"269":0,"270":0,"271":0,"272":0,"273":0,"274":0,"276":0,"277":0,"278":0,"279":0,"280":0,"281":0,"282":0,"283":0,"284":0,"285":0,"286":0,"287":0,"288":0,"290":0,"291":0,"296":1,"297":0,"298":0,"299":0,"300":0,"301":0,"302":0,"303":0,"304":0,"305":0,"306":0,"309":0,"310":0,"311":0,"313":0,"314":0},"branchMap":{"0":{"type":"branch","line":26,"loc":{"start":{"line":26,"column":0},"end":{"line":71,"column":1}},"locations":[{"start":{"line":26,"column":0},"end":{"line":71,"column":1}}]},"1":{"type":"branch","line":27,"loc":{"start":{"line":27,"column":43},"end":{"line":29,"column":3}},"locations":[{"start":{"line":27,"column":43},"end":{"line":29,"column":3}}]},"2":{"type":"branch","line":31,"loc":{"start":{"line":31,"column":29},"end":{"line":31,"column":90}},"locations":[{"start":{"line":31,"column":29},"end":{"line":31,"column":90}}]},"3":{"type":"branch","line":32,"loc":{"start":{"line":32,"column":27},"end":{"line":32,"column":55}},"locations":[{"start":{"line":32,"column":27},"end":{"line":32,"column":55}}]},"4":{"type":"branch","line":43,"loc":{"start":{"line":43,"column":6},"end":{"line":49,"column":14}},"locations":[{"start":{"line":43,"column":6},"end":{"line":49,"column":14}}]},"5":{"type":"branch","line":50,"loc":{"start":{"line":50,"column":6},"end":{"line":56,"column":14}},"locations":[{"start":{"line":50,"column":6},"end":{"line":56,"column":14}}]},"6":{"type":"branch","line":57,"loc":{"start":{"line":57,"column":6},"end":{"line":59,"column":14}},"locations":[{"start":{"line":57,"column":6},"end":{"line":59,"column":14}}]},"7":{"type":"branch","line":60,"loc":{"start":{"line":60,"column":6},"end":{"line":62,"column":14}},"locations":[{"start":{"line":60,"column":6},"end":{"line":62,"column":14}}]},"8":{"type":"branch","line":63,"loc":{"start":{"line":63,"column":6},"end":{"line":64,"column":31}},"locations":[{"start":{"line":63,"column":6},"end":{"line":64,"column":31}}]},"9":{"type":"branch","line":67,"loc":{"start":{"line":67,"column":30},"end":{"line":67,"column":59}},"locations":[{"start":{"line":67,"column":30},"end":{"line":67,"column":59}}]},"10":{"type":"branch","line":76,"loc":{"start":{"line":76,"column":7},"end":{"line":163,"column":1}},"locations":[{"start":{"line":76,"column":7},"end":{"line":163,"column":1}}]},"11":{"type":"branch","line":88,"loc":{"start":{"line":88,"column":13},"end":{"line":161,"column":6}},"locations":[{"start":{"line":88,"column":13},"end":{"line":161,"column":6}}]},"12":{"type":"branch","line":96,"loc":{"start":{"line":96,"column":75},"end":{"line":97,"column":25}},"locations":[{"start":{"line":96,"column":75},"end":{"line":97,"column":25}}]},"13":{"type":"branch","line":103,"loc":{"start":{"line":103,"column":38},"end":{"line":113,"column":7}},"locations":[{"start":{"line":103,"column":38},"end":{"line":113,"column":7}}]},"14":{"type":"branch","line":110,"loc":{"start":{"line":110,"column":51},"end":{"line":110,"column":82}},"locations":[{"start":{"line":110,"column":51},"end":{"line":110,"column":82}}]},"15":{"type":"branch","line":113,"loc":{"start":{"line":113,"column":6},"end":{"line":115,"column":42}},"locations":[{"start":{"line":113,"column":6},"end":{"line":115,"column":42}}]},"16":{"type":"branch","line":115,"loc":{"start":{"line":115,"column":42},"end":{"line":146,"column":7}},"locations":[{"start":{"line":115,"column":42},"end":{"line":146,"column":7}}]},"17":{"type":"branch","line":124,"loc":{"start":{"line":124,"column":87},"end":{"line":124,"column":130}},"locations":[{"start":{"line":124,"column":87},"end":{"line":124,"column":130}}]},"18":{"type":"branch","line":138,"loc":{"start":{"line":138,"column":35},"end":{"line":138,"column":47}},"locations":[{"start":{"line":138,"column":35},"end":{"line":138,"column":47}}]},"19":{"type":"branch","line":138,"loc":{"start":{"line":138,"column":61},"end":{"line":139,"column":27}},"locations":[{"start":{"line":138,"column":61},"end":{"line":139,"column":27}}]},"20":{"type":"branch","line":144,"loc":{"start":{"line":144,"column":26},"end":{"line":144,"column":37}},"locations":[{"start":{"line":144,"column":26},"end":{"line":144,"column":37}}]},"21":{"type":"branch","line":146,"loc":{"start":{"line":146,"column":6},"end":{"line":153,"column":31}},"locations":[{"start":{"line":146,"column":6},"end":{"line":153,"column":31}}]},"22":{"type":"branch","line":155,"loc":{"start":{"line":155,"column":27},"end":{"line":155,"column":42}},"locations":[{"start":{"line":155,"column":27},"end":{"line":155,"column":42}}]},"23":{"type":"branch","line":155,"loc":{"start":{"line":155,"column":34},"end":{"line":155,"column":55}},"locations":[{"start":{"line":155,"column":34},"end":{"line":155,"column":55}}]},"24":{"type":"branch","line":156,"loc":{"start":{"line":156,"column":24},"end":{"line":156,"column":42}},"locations":[{"start":{"line":156,"column":24},"end":{"line":156,"column":42}}]},"25":{"type":"branch","line":156,"loc":{"start":{"line":156,"column":31},"end":{"line":156,"column":58}},"locations":[{"start":{"line":156,"column":31},"end":{"line":156,"column":58}}]},"26":{"type":"branch","line":160,"loc":{"start":{"line":160,"column":29},"end":{"line":160,"column":47}},"locations":[{"start":{"line":160,"column":29},"end":{"line":160,"column":47}}]},"27":{"type":"branch","line":160,"loc":{"start":{"line":160,"column":36},"end":{"line":160,"column":62}},"locations":[{"start":{"line":160,"column":36},"end":{"line":160,"column":62}}]}},"b":{"0":[4],"1":[0],"2":[0],"3":[0],"4":[0],"5":[0],"6":[0],"7":[0],"8":[0],"9":[0],"10":[4],"11":[3],"12":[0],"13":[1],"14":[0],"15":[2],"16":[1],"17":[0],"18":[0],"19":[0],"20":[0],"21":[0],"22":[0],"23":[0],"24":[0],"25":[0],"26":[0],"27":[0]},"fnMap":{"0":{"name":"jsonSchemaToTypeBox","decl":{"start":{"line":26,"column":0},"end":{"line":71,"column":1}},"loc":{"start":{"line":26,"column":0},"end":{"line":71,"column":1}},"line":26},"1":{"name":"capabilityToTool","decl":{"start":{"line":76,"column":7},"end":{"line":163,"column":1}},"loc":{"start":{"line":76,"column":7},"end":{"line":163,"column":1}},"line":76},"2":{"name":"execute","decl":{"start":{"line":88,"column":13},"end":{"line":161,"column":6}},"loc":{"start":{"line":88,"column":13},"end":{"line":161,"column":6}},"line":88},"3":{"name":"buildMemoryTools","decl":{"start":{"line":168,"column":7},"end":{"line":292,"column":1}},"loc":{"start":{"line":168,"column":7},"end":{"line":292,"column":1}},"line":168},"4":{"name":"buildToolsFromRegistry","decl":{"start":{"line":297,"column":7},"end":{"line":315,"column":1}},"loc":{"start":{"line":297,"column":7},"end":{"line":315,"column":1}},"line":297}},"f":{"0":4,"1":4,"2":3,"3":0,"4":0}}
,"/root/mcar/core/src/audit/audit-logger.ts": {"path":"/root/mcar/core/src/audit/audit-logger.ts","all":false,"statementMap":{"4":{"start":{"line":5,"column":0},"end":{"line":5,"column":34}},"10":{"start":{"line":11,"column":0},"end":{"line":11,"column":26}},"11":{"start":{"line":12,"column":0},"end":{"line":12,"column":42}},"12":{"start":{"line":13,"column":0},"end":{"line":13,"column":36}},"13":{"start":{"line":14,"column":0},"end":{"line":14,"column":37}},"14":{"start":{"line":15,"column":0},"end":{"line":15,"column":42}},"16":{"start":{"line":17,"column":0},"end":{"line":17,"column":49}},"17":{"start":{"line":18,"column":0},"end":{"line":18,"column":48}},"18":{"start":{"line":19,"column":0},"end":{"line":19,"column":3}},"23":{"start":{"line":24,"column":0},"end":{"line":24,"column":37}},"24":{"start":{"line":25,"column":0},"end":{"line":25,"column":23}},"25":{"start":{"line":26,"column":0},"end":{"line":26,"column":3}},"27":{"start":{"line":28,"column":0},"end":{"line":28,"column":6}},"28":{"start":{"line":29,"column":0},"end":{"line":29,"column":20}},"29":{"start":{"line":30,"column":0},"end":{"line":30,"column":22}},"30":{"start":{"line":31,"column":0},"end":{"line":31,"column":38}},"31":{"start":{"line":32,"column":0},"end":{"line":32,"column":37}},"32":{"start":{"line":33,"column":0},"end":{"line":33,"column":24}},"33":{"start":{"line":34,"column":0},"end":{"line":34,"column":17}},"34":{"start":{"line":35,"column":0},"end":{"line":35,"column":31}},"35":{"start":{"line":36,"column":0},"end":{"line":36,"column":17}},"36":{"start":{"line":37,"column":0},"end":{"line":37,"column":14}},"37":{"start":{"line":38,"column":0},"end":{"line":38,"column":16}},"38":{"start":{"line":39,"column":0},"end":{"line":39,"column":42}},"39":{"start":{"line":40,"column":0},"end":{"line":40,"column":14}},"40":{"start":{"line":41,"column":0},"end":{"line":41,"column":15}},"41":{"start":{"line":42,"column":0},"end":{"line":42,"column":18}},"42":{"start":{"line":43,"column":0},"end":{"line":43,"column":6}},"44":{"start":{"line":45,"column":0},"end":{"line":45,"column":28}},"45":{"start":{"line":46,"column":0},"end":{"line":46,"column":46}},"46":{"start":{"line":47,"column":0},"end":{"line":47,"column":26}},"47":{"start":{"line":48,"column":0},"end":{"line":48,"column":5}},"50":{"start":{"line":51,"column":0},"end":{"line":51,"column":21}},"51":{"start":{"line":52,"column":0},"end":{"line":52,"column":80}},"52":{"start":{"line":53,"column":0},"end":{"line":53,"column":5}},"54":{"start":{"line":55,"column":0},"end":{"line":55,"column":44}},"55":{"start":{"line":56,"column":0},"end":{"line":56,"column":22}},"56":{"start":{"line":57,"column":0},"end":{"line":57,"column":5}},"58":{"start":{"line":59,"column":0},"end":{"line":59,"column":17}},"59":{"start":{"line":60,"column":0},"end":{"line":60,"column":3}},"61":{"start":{"line":62,"column":0},"end":{"line":62,"column":91}},"62":{"start":{"line":63,"column":0},"end":{"line":63,"column":57}},"63":{"start":{"line":64,"column":0},"end":{"line":64,"column":3}},"65":{"start":{"line":66,"column":0},"end":{"line":66,"column":91}},"66":{"start":{"line":67,"column":0},"end":{"line":67,"column":57}},"67":{"start":{"line":68,"column":0},"end":{"line":68,"column":3}},"69":{"start":{"line":70,"column":0},"end":{"line":70,"column":92}},"70":{"start":{"line":71,"column":0},"end":{"line":71,"column":58}},"71":{"start":{"line":72,"column":0},"end":{"line":72,"column":3}},"73":{"start":{"line":74,"column":0},"end":{"line":74,"column":39}},"74":{"start":{"line":75,"column":0},"end":{"line":75,"column":37}},"75":{"start":{"line":76,"column":0},"end":{"line":76,"column":3}},"77":{"start":{"line":78,"column":0},"end":{"line":78,"column":47}},"78":{"start":{"line":79,"column":0},"end":{"line":79,"column":60}},"79":{"start":{"line":80,"column":0},"end":{"line":80,"column":3}},"84":{"start":{"line":85,"column":0},"end":{"line":85,"column":17}},"85":{"start":{"line":86,"column":0},"end":{"line":86,"column":20}},"86":{"start":{"line":87,"column":0},"end":{"line":87,"column":22}},"87":{"start":{"line":88,"column":0},"end":{"line":88,"column":25}},"88":{"start":{"line":89,"column":0},"end":{"line":89,"column":37}},"89":{"start":{"line":90,"column":0},"end":{"line":90,"column":17}},"90":{"start":{"line":91,"column":0},"end":{"line":91,"column":29}},"91":{"start":{"line":92,"column":0},"end":{"line":92,"column":9}},"92":{"start":{"line":93,"column":0},"end":{"line":93,"column":32}},"93":{"start":{"line":94,"column":0},"end":{"line":94,"column":45}},"94":{"start":{"line":95,"column":0},"end":{"line":95,"column":87}},"95":{"start":{"line":96,"column":0},"end":{"line":96,"column":20}},"96":{"start":{"line":97,"column":0},"end":{"line":97,"column":19}},"97":{"start":{"line":98,"column":0},"end":{"line":98,"column":45}},"98":{"start":{"line":99,"column":0},"end":{"line":99,"column":71}},"99":{"start":{"line":100,"column":0},"end":{"line":100,"column":105}},"100":{"start":{"line":101,"column":0},"end":{"line":101,"column":16}},"101":{"start":{"line":102,"column":0},"end":{"line":102,"column":5}},"102":{"start":{"line":103,"column":0},"end":{"line":103,"column":3}},"104":{"start":{"line":105,"column":0},"end":{"line":105,"column":48}},"105":{"start":{"line":106,"column":0},"end":{"line":106,"column":34}},"106":{"start":{"line":107,"column":0},"end":{"line":107,"column":18}},"107":{"start":{"line":108,"column":0},"end":{"line":108,"column":51}},"108":{"start":{"line":109,"column":0},"end":{"line":109,"column":50}},"109":{"start":{"line":110,"column":0},"end":{"line":110,"column":6}},"110":{"start":{"line":111,"column":0},"end":{"line":111,"column":3}},"111":{"start":{"line":112,"column":0},"end":{"line":112,"column":1}}},"s":{"4":1,"10":1,"11":1,"12":66,"13":66,"14":66,"16":1,"17":66,"18":66,"23":1,"24":2,"25":2,"27":1,"28":104,"29":104,"30":104,"31":104,"32":104,"33":104,"34":104,"35":104,"36":104,"37":104,"38":104,"39":104,"40":104,"41":104,"42":104,"44":104,"45":104,"46":0,"47":0,"50":104,"51":6,"52":6,"54":104,"55":0,"56":0,"58":104,"59":104,"61":1,"62":76,"63":76,"65":1,"66":19,"67":19,"69":1,"70":9,"71":9,"73":1,"74":6,"75":6,"77":1,"78":0,"79":0,"84":1,"85":0,"86":0,"87":0,"88":0,"89":0,"90":0,"91":0,"92":0,"93":0,"94":0,"95":0,"96":0,"97":0,"98":0,"99":0,"100":0,"101":0,"102":0,"104":1,"105":0,"106":0,"107":0,"108":0,"109":0,"110":0,"111":1},"branchMap":{"0":{"type":"branch","line":12,"loc":{"start":{"line":12,"column":10},"end":{"line":15,"column":42}},"locations":[{"start":{"line":12,"column":10},"end":{"line":15,"column":42}}]},"1":{"type":"branch","line":17,"loc":{"start":{"line":17,"column":2},"end":{"line":19,"column":3}},"locations":[{"start":{"line":17,"column":2},"end":{"line":19,"column":3}}]},"2":{"type":"branch","line":18,"loc":{"start":{"line":18,"column":21},"end":{"line":18,"column":43}},"locations":[{"start":{"line":18,"column":21},"end":{"line":18,"column":43}}]},"3":{"type":"branch","line":24,"loc":{"start":{"line":24,"column":2},"end":{"line":26,"column":3}},"locations":[{"start":{"line":24,"column":2},"end":{"line":26,"column":3}}]},"4":{"type":"branch","line":28,"loc":{"start":{"line":28,"column":2},"end":{"line":60,"column":3}},"locations":[{"start":{"line":28,"column":2},"end":{"line":60,"column":3}}]},"5":{"type":"branch","line":46,"loc":{"start":{"line":46,"column":45},"end":{"line":48,"column":5}},"locations":[{"start":{"line":46,"column":45},"end":{"line":48,"column":5}}]},"6":{"type":"branch","line":51,"loc":{"start":{"line":51,"column":20},"end":{"line":53,"column":5}},"locations":[{"start":{"line":51,"column":20},"end":{"line":53,"column":5}}]},"7":{"type":"branch","line":52,"loc":{"start":{"line":52,"column":36},"end":{"line":52,"column":80}},"locations":[{"start":{"line":52,"column":36},"end":{"line":52,"column":80}}]},"8":{"type":"branch","line":55,"loc":{"start":{"line":55,"column":43},"end":{"line":57,"column":5}},"locations":[{"start":{"line":55,"column":43},"end":{"line":57,"column":5}}]},"9":{"type":"branch","line":62,"loc":{"start":{"line":62,"column":2},"end":{"line":64,"column":3}},"locations":[{"start":{"line":62,"column":2},"end":{"line":64,"column":3}}]},"10":{"type":"branch","line":66,"loc":{"start":{"line":66,"column":2},"end":{"line":68,"column":3}},"locations":[{"start":{"line":66,"column":2},"end":{"line":68,"column":3}}]},"11":{"type":"branch","line":70,"loc":{"start":{"line":70,"column":2},"end":{"line":72,"column":3}},"locations":[{"start":{"line":70,"column":2},"end":{"line":72,"column":3}}]},"12":{"type":"branch","line":74,"loc":{"start":{"line":74,"column":2},"end":{"line":76,"column":3}},"locations":[{"start":{"line":74,"column":2},"end":{"line":76,"column":3}}]}},"b":{"0":[66],"1":[66],"2":[0],"3":[2],"4":[104],"5":[0],"6":[6],"7":[0],"8":[0],"9":[76],"10":[19],"11":[9],"12":[6]},"fnMap":{"0":{"name":"<instance_members_initializer>","decl":{"start":{"line":12,"column":10},"end":{"line":15,"column":42}},"loc":{"start":{"line":12,"column":10},"end":{"line":15,"column":42}},"line":12},"1":{"name":"AuditLogger","decl":{"start":{"line":17,"column":2},"end":{"line":19,"column":3}},"loc":{"start":{"line":17,"column":2},"end":{"line":19,"column":3}},"line":17},"2":{"name":"setStore","decl":{"start":{"line":24,"column":2},"end":{"line":26,"column":3}},"loc":{"start":{"line":24,"column":2},"end":{"line":26,"column":3}},"line":24},"3":{"name":"log","decl":{"start":{"line":28,"column":2},"end":{"line":60,"column":3}},"loc":{"start":{"line":28,"column":2},"end":{"line":60,"column":3}},"line":28},"4":{"name":"info","decl":{"start":{"line":62,"column":2},"end":{"line":64,"column":3}},"loc":{"start":{"line":62,"column":2},"end":{"line":64,"column":3}},"line":62},"5":{"name":"warn","decl":{"start":{"line":66,"column":2},"end":{"line":68,"column":3}},"loc":{"start":{"line":66,"column":2},"end":{"line":68,"column":3}},"line":66},"6":{"name":"error","decl":{"start":{"line":70,"column":2},"end":{"line":72,"column":3}},"loc":{"start":{"line":70,"column":2},"end":{"line":72,"column":3}},"line":70},"7":{"name":"getRecent","decl":{"start":{"line":74,"column":2},"end":{"line":76,"column":3}},"loc":{"start":{"line":74,"column":2},"end":{"line":76,"column":3}},"line":74},"8":{"name":"getByTraceId","decl":{"start":{"line":78,"column":2},"end":{"line":80,"column":3}},"loc":{"start":{"line":78,"column":2},"end":{"line":80,"column":3}},"line":78},"9":{"name":"timed","decl":{"start":{"line":85,"column":2},"end":{"line":103,"column":3}},"loc":{"start":{"line":85,"column":2},"end":{"line":103,"column":3}},"line":85},"10":{"name":"onEvent","decl":{"start":{"line":105,"column":2},"end":{"line":111,"column":3}},"loc":{"start":{"line":105,"column":2},"end":{"line":111,"column":3}},"line":105}},"f":{"0":66,"1":66,"2":2,"3":104,"4":76,"5":19,"6":9,"7":6,"8":0,"9":0,"10":0}}
,"/root/mcar/core/src/audit/audit-store.ts": {"path":"/root/mcar/core/src/audit/audit-store.ts","all":false,"statementMap":{"7":{"start":{"line":8,"column":0},"end":{"line":8,"column":38}},"10":{"start":{"line":11,"column":0},"end":{"line":11,"column":16}},"25":{"start":{"line":26,"column":0},"end":{"line":26,"column":25}},"26":{"start":{"line":27,"column":0},"end":{"line":27,"column":32}},"27":{"start":{"line":28,"column":0},"end":{"line":28,"column":41}},"29":{"start":{"line":30,"column":0},"end":{"line":30,"column":31}},"30":{"start":{"line":31,"column":0},"end":{"line":31,"column":35}},"31":{"start":{"line":32,"column":0},"end":{"line":32,"column":41}},"32":{"start":{"line":33,"column":0},"end":{"line":33,"column":25}},"34":{"start":{"line":35,"column":0},"end":{"line":35,"column":38}},"35":{"start":{"line":36,"column":0},"end":{"line":36,"column":98}},"37":{"start":{"line":38,"column":0},"end":{"line":38,"column":6}},"38":{"start":{"line":39,"column":0},"end":{"line":39,"column":3}},"43":{"start":{"line":44,"column":0},"end":{"line":44,"column":33}},"44":{"start":{"line":45,"column":0},"end":{"line":45,"column":24}},"45":{"start":{"line":46,"column":0},"end":{"line":46,"column":15}},"46":{"start":{"line":47,"column":0},"end":{"line":47,"column":20}},"47":{"start":{"line":48,"column":0},"end":{"line":48,"column":22}},"48":{"start":{"line":49,"column":0},"end":{"line":49,"column":22}},"49":{"start":{"line":50,"column":0},"end":{"line":50,"column":59}},"50":{"start":{"line":51,"column":0},"end":{"line":51,"column":20}},"51":{"start":{"line":52,"column":0},"end":{"line":52,"column":6}},"52":{"start":{"line":53,"column":0},"end":{"line":53,"column":3}},"57":{"start":{"line":58,"column":0},"end":{"line":58,"column":40}},"58":{"start":{"line":59,"column":0},"end":{"line":59,"column":24}},"59":{"start":{"line":60,"column":0},"end":{"line":60,"column":76}},"60":{"start":{"line":61,"column":0},"end":{"line":61,"column":47}},"61":{"start":{"line":62,"column":0},"end":{"line":62,"column":47}},"62":{"start":{"line":63,"column":0},"end":{"line":63,"column":3}},"67":{"start":{"line":68,"column":0},"end":{"line":68,"column":47}},"68":{"start":{"line":69,"column":0},"end":{"line":69,"column":24}},"69":{"start":{"line":70,"column":0},"end":{"line":70,"column":86}},"70":{"start":{"line":71,"column":0},"end":{"line":71,"column":49}},"71":{"start":{"line":72,"column":0},"end":{"line":72,"column":47}},"72":{"start":{"line":73,"column":0},"end":{"line":73,"column":3}},"77":{"start":{"line":78,"column":0},"end":{"line":78,"column":63}},"78":{"start":{"line":79,"column":0},"end":{"line":79,"column":24}},"79":{"start":{"line":80,"column":0},"end":{"line":80,"column":97}},"80":{"start":{"line":81,"column":0},"end":{"line":81,"column":58}},"81":{"start":{"line":82,"column":0},"end":{"line":82,"column":47}},"82":{"start":{"line":83,"column":0},"end":{"line":83,"column":3}},"87":{"start":{"line":88,"column":0},"end":{"line":88,"column":19}},"88":{"start":{"line":89,"column":0},"end":{"line":89,"column":101}},"89":{"start":{"line":90,"column":0},"end":{"line":90,"column":19}},"90":{"start":{"line":91,"column":0},"end":{"line":91,"column":3}},"95":{"start":{"line":96,"column":0},"end":{"line":96,"column":29}},"96":{"start":{"line":97,"column":0},"end":{"line":97,"column":24}},"97":{"
[...]
,"508":{"start":{"line":509,"column":0},"end":{"line":509,"column":80}},"509":{"start":{"line":510,"column":0},"end":{"line":510,"column":15}},"510":{"start":{"line":511,"column":0},"end":{"line":511,"column":13}},"511":{"start":{"line":512,"column":0},"end":{"line":512,"column":14}},"512":{"start":{"line":513,"column":0},"end":{"line":513,"column":18}},"513":{"start":{"line":514,"column":0},"end":{"line":514,"column":44}},"514":{"start":{"line":515,"column":0},"end":{"line":515,"column":14}},"515":{"start":{"line":516,"column":0},"end":{"line":516,"column":18}},"516":{"start":{"line":517,"column":0},"end":{"line":517,"column":57}},"517":{"start":{"line":518,"column":0},"end":{"line":518,"column":14}},"518":{"start":{"line":519,"column":0},"end":{"line":519,"column":5}},"519":{"start":{"line":520,"column":0},"end":{"line":520,"column":3}},"521":{"start":{"line":522,"column":0},"end":{"line":522,"column":40}},"523":{"start":{"line":524,"column":0},"end":{"line":524,"column":48}},"524":{"start":{"line":525,"column":0},"end":{"line":525,"column":69}},"525":{"start":{"line":526,"column":0},"end":{"line":526,"column":7}},"528":{"start":{"line":529,"column":0},"end":{"line":529,"column":45}},"529":{"start":{"line":530,"column":0},"end":{"line":530,"column":69}},"530":{"start":{"line":531,"column":0},"end":{"line":531,"column":7}},"531":{"start":{"line":532,"column":0},"end":{"line":532,"column":3}},"533":{"start":{"line":534,"column":0},"end":{"line":534,"column":43}},"534":{"start":{"line":535,"column":0},"end":{"line":535,"column":40}},"535":{"start":{"line":536,"column":0},"end":{"line":536,"column":40}},"536":{"start":{"line":537,"column":0},"end":{"line":537,"column":36}},"538":{"start":{"line":539,"column":0},"end":{"line":539,"column":29}},"539":{"start":{"line":540,"column":0},"end":{"line":540,"column":7}},"540":{"start":{"line":541,"column":0},"end":{"line":541,"column":5}},"541":{"start":{"line":542,"column":0},"end":{"line":542,"column":3}},"543":{"start":{"line":544,"column":0},"end":{"line":544,"column":61}},"544":{"start":{"line":545,"column":0},"end":{"line":545,"column":30}},"545":{"start":{"line":546,"column":0},"end":{"line":546,"column":35}},"546":{"start":{"line":547,"column":0},"end":{"line":547,"column":5}},"547":{"start":{"line":548,"column":0},"end":{"line":548,"column":3}},"548":{"start":{"line":549,"column":0},"end":{"line":549,"column":1}}},"s":{"18":1,"19":1,"20":1,"21":1,"22":1,"23":1,"44":1,"47":1,"49":1,"50":1,"51":1,"52":1,"53":1,"55":1,"56":1,"57":1,"58":1,"59":1,"60":1,"61":1,"62":1,"63":1,"64":1,"65":1,"66":1,"67":1,"68":1,"69":1,"70":1,"71":1,"72":1,"73":1,"74":1,"75":1,"76":1,"77":1,"79":1,"80":1,"81":1,"82":1,"84":1,"85":1,"86":1,"87":1,"88":1,"89":1,"90":1,"92":1,"93":1,"94":0,"95":0,"96":1,"98":1,"99":1,"100":1,"101":1,"103":1,"104":1,"105":1,"106":1,"107":1,"108":0,"109":0,"110":1,"111":1,"113":1,"114":1,"117":1,"118":1,"119":1,"120":1,"121":1,"123":1,"125":1,"126":1,"127":1,"128":1,"129":1,"130":1,"131":1,"132":1,"135":1,"136":1,"137":1,"138":1,"141":1,"142":1,"143":1,"144":1,"147":1,"148":2,"149":2,"150":1,"151":1,"152":1,"153":1,"154":2,"155":2,"156":1,"157":2,"158":0,"159":0,"160":0,"161":1,"164":1,"165":1,"166":1,"167":1,"170":1,"171":2,"172":2,"173":2,"174":1,"175":1,"176":1,"177":1,"178":1,"179":1,"182":1,"183":1,"184":1,"185":1,"186":1,"187":1,"188":0,"189":0,"190":0,"191":0,"192":0,"193":0,"194":0,"195":1,"198":1,"199":1,"200":1,"201":1,"206":1,"207":2,"208":2,"209":1,"210":1,"211":1,"212":1,"213":2,"214":2,"215":2,"216":1,"219":1,"220":2,"221":2,"222":0,"223":0,"224":0,"225":2,"226":2,"227":1,"228":1,"229":1,"230":1,"231":1,"232":1,"233":1,"236":1,"237":2,"238":2,"239":0,"240":0,"241":0,"242":2,"243":2,"244":1,"245":1,"246":1,"247":1,"248":1,"249":1,"250":1,"253":1,"254":1,"255":1,"256":1,"259":1,"260":0,"261":0,"262":0,"263":0,"264":0,"265":0,"266":0,"267":0,"268":0,"269":0,"270":0,"271":0,"272":1,"277":1,"278":1,"279":0,"280":0,"281":0,"282":0,"283":0,"284":1,"285":1,"286":1,"289":1,"290":0,"291":0,"292":0,"293":0,"294":0,"295":0,"296":0,"297":0,"298":1,"301":1,"302":0,"303":0,"304":0,"305":0,"306":0,"307":0,"308":0,"309":0,"310":1,"315":1,"316":1,"317":1,"318":1,"319":1,"320":0,"321":0,"322":0,"323":0,"324":0,"325":0,"326":0,"327":0,"328":0,"329":1,"332":1,"333":0,"334":0,"335":0,"336":0,"337":0,"338":0,"339":0,"340":0,"341":0,"342":0,"343":0,"344":0,"345":0,"346":0,"347":0,"348":0,"349":0,"350":1,"355":1,"356":0,"357":0,"358":0,"359":0,"360":0,"361":1,"364":1,"365":0,"366":0,"367":0,"368":0,"369":0,"370":0,"371":0,"372":1,"377":1,"378":1,"379":1,"380":1,"381":1,"382":1,"383":1,"384":1,"387":1,"388":1,"389":1,"390":1,"391":1,"392":0,"393":0,"394":0,"395":0,"396":0,"397":0,"398":0,"399":0,"400":0,"401":0,"402":0,"403":1,"408":1,"409":1,"410":1,"411":1,"412":1,"413":0,"414":1,"419":1,"420":1,"421":1,"422":1,"423":1,"424":0,"425":1,"430":1,"431":1,"432":1,"433":1,"434":1,"435":0,"436":1,"439":1,"440":1,"441":1,"442":1,"443":1,"444":0,"445":0,"446":1,"449":1,"450":0,"451":0,"452":0,"453":0,"454":0,"455":0,"456":1,"457":1,"459":1,"460":2,"461":2,"462":2,"463":2,"464":0,"465":0,"466":0,"467":0,"468":2,"470":1,"471":1,"473":1,"475":1,"476":0,"479":0,"480":0,"482":0,"483":0,"484":0,"485":0,"486":0,"488":0,"489":0,"491":0,"492":0,"493":0,"494":1,"495":1,"497":1,"498":0,"499":0,"500":0,"501":0,"502":0,"503":0,"504":0,"505":0,"506":0,"507":0,"508":0,"509":0,"510":0,"511":0,"512":0,"513":0,"514":0,"515":0,"516":0,"517":0,"518":0,"519":0,"521":1,"523":1,"524":5,"525":1,"528":1,"529":1,"530":1,"531":1,"533":1,"534":6,"535":6,"536":0,"538":0,"539":0,"540":0,"541":6,"543":1,"544":0,"545":0,"546":0,"547":0,"548":1},"branchMap":{"0":{"type":"branch","line":56,"loc":{"start":{"line":56,"column":2},"end":{"line":78,"column":3}},"locations":[{"start":{"line":56,"column":2},"end":{"line":78,"column":3}}]},"1":{"type":"branch","line":80,"loc":{"start":{"line":80,"column":2},"end":{"line":91,"column":3}},"locations":[{"start":{"line":80,"column":2},"end":{"line":91,"column":3}}]},"2":{"type":"branch","line":85,"loc":{"start":{"line":85,"column":23},"end":{"line":90,"column":5}},"locations":[{"start":{"line":85,"column":23},"end":{"line":90,"column":5}}]},"3":{"type":"branch","line":86,"loc":{"start":{"line":86,"column":62},"end":{"line":89,"column":7}},"locations":[{"start":{"line":86,"column":62},"end":{"line":89,"column":7}}]},"4":{"type":"branch","line":93,"loc":{"start":{"line":93,"column":2},"end":{"line":112,"column":3}},"locations":[{"start":{"line":93,"column":2},"end":{"line":112,"column":3}}]},"5":{"type":"branch","line":94,"loc":{"start":{"line":94,"column":39},"end":{"line":96,"column":5}},"locations":[{"start":{"line":94,"column":39},"end":{"line":96,"column":5}}]},"6":{"type":"branch","line":104,"loc":{"start":{"line":104,"column":23},"end":{"line":111,"column":5}},"locations":[{"start":{"line":104,"column":23},"end":{"line":111,"column":5}}]},"7":{"type":"branch","line":108,"loc":{"start":{"line":108,"column":6},"end":{"line":110,"column":7}},"locations":[{"start":{"line":108,"column":6},"end":{"line":110,"column":7}}]},"8":{"type":"branch","line":106,"loc":{"start":{"line":106,"column":26},"end":{"line":106,"column":41}},"locations":[{"start":{"line":106,"column":26},"end":{"line":106,"column":41}}]},"9":{"type":"branch","line":114,"loc":{"start":{"line":114,"column":10},"end":{"line":122,"column":3}},"locations":[{"start":{"line":114,"column":10},"end":{"line":122,"column":3}}]},"10":{"type":"branch","line":124,"loc":{"start":{"line":124,"column":10},"end":{"line":458,"column":3}},"locations":[{"start":{"line":124,"column":10},"end":{"line":458,"column":3}}]},"11":{"type":"branch","line":126,"loc":{"start":{"line":126,"column":32},"end":{"line":133,"column":5}},"locations":[{"start":{"line":126,"column":32},"end":{"line":133,"column":5}}]},"12":{"type":"branch","line":136,"loc":{"start":{"line":136,"column":38},"end":{"line":139,"column":5}},"locations":[{"start":{"line":136,"column":38},"end":{"line":139,"column":5}}]},"13":{"type":"branch","line":142,"loc":{"start":{"line":142,"column":34},"end":{"line":145,"column":5}},"locations":[{"start":{"line":142,"column":34},"end":{"line":145,"column":5}}]},"14":{"type":"branch","line":148,"loc":{"start":{"line":148,"column":33},"end":{"line":162,"column":5}},"locations":[{"start":{"line":148,"column":33},"end":{"line":162,"column":5}}]},"15":{"type":"branch","line":150,"loc":{"start":{"line":150,"column":31},"end":{"line":155,"column":38}},"locations":[{"start":{"line":150,"column":31},"end":{"line":155,"column":38}}]},"16":{"type":"branch","line":155,"loc":{"start":{"line":155,"column":28},"end":{"line":155,"column":52}},"locations":[{"start":{"line":155,"column":28},"end":{"line":155,"column":52}}]},"17":{"type":"branch","line":155,"loc":{"start":{"line":155,"column":43},"end":{"line":155,"column":55}},"locations":[{"start":{"line":155,"column":43},"end":{"line":155,"column":55}}]},"18":{"type":"branch","line":156,"loc":{"start":{"line":156,"column":77},"end":{"line":158,"column":15}},"locations":[{"start":{"line":156,"column":77},"end":{"line":158,"column":15}}]},"19":{"type":"branch","line":158,"loc":{"start":{"line":158,"column":6},"end":{"line":161,"column":7}},"locations":[{"start":{"line":158,"column":6},"end":{"line":161,"column":7}}]},"20":{"type":"branch","line":165,"loc":{"start":{"line":165,"column":31},"end":{"line":168,"column":5}},"locations":[{"start":{"line":165,"column":31},"end":{"line":168,"column":5}}]},"21":{"type":"branch","line":171,"loc":{"start":{"line":171,"column":31},"end":{"line":180,"column":5}},"locations":[{"start":{"line":171,"column":31},"end":{"line":180,"column":5}}]},"22":{"type":"branch","line":174,"loc":{"start":{"line":174,"column":43},"end":{"line":179,"column":46}},"locations":[{"start":{"line":174,"column":43},"end":{"line":179,"column":46}}]},"23":{"type":"branch","line":183,"loc":{"start":{"line":183,"column":31},"end":{"line":196,"column":5}},"locations":[{"start":{"line":183,"column":31},"end":{"line":196,"column":5}}]},"24":{"type":"branch","line":188,"loc":{"start":{"line":188,"column":6},"end":{"line":195,"column":7}},"locations":[{"start":{"line":188,"column":6},"end":{"line":195,"column":7}}]},"25":{"type":"branch","line":199,"loc":{"start":{"line":199,"column":31},"end":{"line":202,"column":5}},"locations":[{"start":{"line":199,"column":31},"end":{"line":202,"column":5}}]},"26":{"type":"branch","line":207,"loc":{"start":{"line":207,"column":41},"end":{"line":217,"column":5}},"locations":[{"start":{"line":207,"column":41},"end":{"line":217,"column":5}}]},"27":{"type":"branch","line":209,"loc":{"start":{"line":209,"column":14},"end":{"line":214,"column":33}},"locations":[{"start":{"line":209,"column":14},"end":{"line":214,"column":33}}]},"28":{"type":"branch","line":214,"loc":{"start":{"line":214,"column":20},"end":{"line":214,"column":62}},"locations":[{"start":{"line":214,"column":20},"end":{"line":214,"column":62}}]},"29":{"type":"branch","line":214,"loc":{"start":{"line":214,"column":58},"end":{"line":214,"column":72}},"locations":[{"start":{"line":214,"column":58},"end":{"line":214,"column":72}}]},"30":{"type":"branch","line":220,"loc":{"start":{"line":220,"column":41},"end":{"line":234,"column":5}},"locations":[{"start":{"line":220,"column":41},"end":{"line":234,"column":5}}]},"31":{"type":"branch","line":222,"loc":{"start":{"line":222,"column":15},"end":{"line":225,"column":7}},"locations":[{"start":{"line":222,"column":15},"end":{"line":225,"column":7}}]},"32":{"type":"branch","line":227,"loc":{"start":{"line":227,"column":18},"end":{"line":233,"column":42}},"locations":[{"start":{"line":227,"column":18},"end":{"line":233,"column":42}}]},"33":{"type":"branch","line":237,"loc":{"start":{"line":237,"column":41},"end":{"line":251,"column":5}},"locations":[{"start":{"line":237,"column":41},"end":{"line":251,"column":5}}]},"34":{"type":"branch","line":239,"loc":{"start":{"line":239,"column":22},"end":{"line":242,"column":7}},"locations":[{"start":{"line":239,"column":22},"end":{"line":242,"column":7}}]},"35":{"type":"branch","line":244,"loc":{"start":{"line":244,"column":43},"end":{"line":250,"column":45}},"locations":[{"start":{"line":244,"column":43},"end":{"line":250,"column":45}}]},"36":{"type":"branch","line":254,"loc":{"start":{"line":254,"column":41},"end":{"line":257,"column":5}},"locations":[{"start":{"line":254,"column":41},"end":{"line":257,"column":5}}]},"37":{"type":"branch","line":278,"loc":{"start":{"line":278,"column":33},"end":{"line":287,"column":5}},"locations":[{"start":{"line":278,"column":33},"end":{"line":287,"column":5}}]},"38":{"type":"branch","line":316,"loc":{"start":{"line":316,"column":32},"end":{"line":330,"column":5}},"locations":[{"start":{"line":316,"column":32},"end":{"line":330,"column":5}}]},"39":{"type":"branch","line":320,"loc":{"start":{"line":320,"column":6},"end":{"line":329,"column":23}},"locations":[{"start":{"line":320,"column":6},"end":{"line":329,"column":23}}]},"40":{"type":"branch","line":378,"loc":{"start":{"line":378,"column":34},"end":{"line":385,"column":5}},"locations":[{"start":{"line":378,"column":34},"end":{"line":385,"column":5}}]},"41":{"type":"branch","line":382,"loc":{"start":{"line":382,"column":6},"end":{"line":383,"column":67}},"locations":[{"start":{"line":382,"column":6},"end":{"line":383,"column":67}}]},"42":{"type":"branch","line":388,"loc":{"start":{"line":388,"column":45},"end":{"line":404,"column":5}},"locations":[{"start":{"line":388,"column":45},"end":{"line":404,"column":5}}]},"43":{"type":"branch","line":392,"loc":{"start":{"line":392,"column":6},"end":{"line":403,"column":23}},"locations":[{"start":{"line":392,"column":6},"end":{"line":403,"column":23}}]},"44":{"type":"branch","line":409,"loc":{"start":{"line":409,"column":34},"end":{"line":415,"column":5}},"locations":[{"start":{"line":409,"column":34},"end":{"line":415,"column":5}}]},"45":{"type":"branch","line":413,"loc":{"start":{"line":413,"column":6},"end":{"line":414,"column":42}},"locations":[{"start":{"line":413,"column":6},"end":{"line":414,"column":42}}]},"46":{"type":"branch","line":420,"loc":{"start":{"line":420,"column":33},"end":{"line":426,"column":5}},"locations":[{"start":{"line":420,"column":33},"end":{"line":426,"column":5}}]},"47":{"type":"branch","line":424,"loc":{"start":{"line":424,"column":6},"end":{"line":425,"column":56}},"locations":[{"start":{"line":424,"column":6},"end":{"line":425,"column":56}}]},"48":{"type":"branch","line":431,"loc":{"start":{"line":431,"column":38},"end":{"line":437,"column":5}},"locations":[{"start":{"line":431,"column":38},"end":{"line":437,"column":5}}]},"49":{"type":"branch","line":435,"loc":{"start":{"line":435,"column":6},"end":{"line":436,"column":36}},"locations":[{"start":{"line":435,"column":6},"end":{"line":436,"column":36}}]},"50":{"type":"branch","line":440,"loc":{"start":{"line":440,"column":41},"end":{"line":447,"column":5}},"locations":[{"start":{"line":440,"column":41},"end":{"line":447,"column":5}}]},"51":{"type":"branch","line":444,"loc":{"start":{"line":444,"column":6},"end":{"line":446,"column":30}},"locations":[{"start":{"line":444,"column":6},"end":{"line":446,"column":30}}]},"52":{"type":"branch","line":460,"loc":{"start":{"line":460,"column":10},"end":{"line":469,"column":3}},"locations":[{"start":{"line":460,"column":10},"end":{"line":469,"column":3}}]},"53":{"type":"branch","line":464,"loc":{"start":{"line":464,"column":4},"end":{"line":468,"column":16}},"locations":[{"start":{"line":464,"column":4},"end":{"line":468,"column":16}}]},"54":{"type":"branch","line":471,"loc":{"start":{"line":471,"column":10},"end":{"line":496,"column":3}},"locations":[{"start":{"line":471,"column":10},"end":{"line":496,"column":3}}]},"55":{"type":"branch","line":472,"loc":{"start":{"line":472,"column":22},"end":{"line":472,"column":29}},"locations":[{"start":{"line":472,"column":22},"end":{"line":472,"column":29}}]},"56":{"type":"branch","line":522,"loc":{"start":{"line":522,"column":10},"end":{"line":532,"column":3}},"locations":[{"start":{"line":522,"column":10},"end":{"line":532,"column":3}}]},"57":{"type":"branch","line":524,"loc":{"start":{"line":524,"column":31},"end":{"line":526,"column":5}},"locations":[{"start":{"line":524,"column":31},"end":{"line":526,"column":5}}]},"58":{"type":"branch","line":529,"loc":{"start":{"line":529,"column":30},"end":{"line":531,"column":5}},"locations":[{"start":{"line":529,"column":30},"end":{"line":531,"column":5}}]},"59":{"type":"branch","line":534,"loc":{"start":{"line":534,"column":10},"end":{"line":542,"column":3}},"locations":[{"start":{"line":534,"column":10},"end":{"line":542,"column":3}}]},"60":{"type":"branch","line":536,"loc":{"start":{"line":536,"column":39},"end":{"line":541,"column":5}},"locations":[{"start":{"line":536,"column":39},"end":{"line":541,"column":5}}]}},"b":{"0":[1],"1":[1],"2":[1],"3":[1],"4":[1],"5":[0],"6":[1],"7":[0],"8":[1],"9":[1],"10":[1],"11":[1],"12":[1],"13":[1],"14":[2],"15":[1],"16":[0],"17":[0],"18":[1],"19":[0],"20":[1],"21":[2],"22":[1],"23":[1],"24":[0],"25":[1],"26":[2],"27":[1],"28":[0],"29":[1],"30":[2],"31":[0],"32":[1],"33":[2],"34":[0],"35":[1],"36":[1],"37":[1],"38":[1],"39":[0],"40":[1],"41":[0],"42":[1],"43":[0],"44":[1],"45":[0],"46":[1],"47":[0],"48":[1],"49":[0],"50":[1],"51":[0],"52":[2],"53":[0],"54":[1],"55":[0],"56":[1],"57":[5],"58":[1],"59":[6],"60":[0]},"fnMap":{"0":{"name":"WebServer","decl":{"start":{"line":56,"column":2},"end":{"line":78,"column":3}},"loc":{"start":{"line":56,"column":2},"end":{"line":78,"column":3}},"line":56},"1":{"name":"start","decl":{"start":{"line":80,"column":2},"end":{"line":91,"column":3}},"loc":{"start":{"line":80,"column":2},"end":{"line":91,"column":3}},"line":80},"2":{"name":"stop","decl":{"start":{"line":93,"column":2},"end":{"line":112,"column":3}},"loc":{"start":{"line":93,"column":2},"end":{"line":112,"column":3}},"line":93},"3":{"name":"setupMiddleware","decl":{"start":{"line":114,"column":10},"end":{"line":122,"column":3}},"loc":{"start":{"line":114,"column":10},"end":{"line":122,"column":3}},"line":114},"4":{"name":"setupRoutes","decl":{"start":{"line":124,"column":10},"end":{"line":458,"column":3}},"loc":{"start":{"line":124,"column":10},"end":{"line":458,"column":3}},"line":124},"5":{"name":"getPathParam","decl":{"start":{"line":460,"column":10},"end":{"line":469,"column":3}},"loc":{"start":{"line":460,"column":10},"end":{"line":469,"column":3}},"line":460},"6":{"name":"setupWebSocket","decl":{"start":{"line":471,"column":10},"end":{"line":496,"column":3}},"loc":{"start":{"line":471,"column":10},"end":{"line":496,"column":3}},"line":471},"7":{"name":"handleWsMessage","decl":{"start":{"line":498,"column":10},"end":{"line":520,"column":3}},"loc":{"start":{"line":498,"column":10},"end":{"line":520,"column":3}},"line":498},"8":{"name":"setupEventForwarding","decl":{"start":{"line":522,"column":10},"end":{"line":532,"column":3}},"loc":{"start":{"line":522,"column":10},"end":{"line":532,"column":3}},"line":522},"9":{"name":"broadcast","decl":{"start":{"line":534,"column":10},"end":{"line":542,"column":3}},"loc":{"start":{"line":534,"column":10},"end":{"line":542,"column":3}},"line":534},"10":{"name":"sendToClient","decl":{"start":{"line":544,"column":10},"end":{"line":548,"column":3}},"loc":{"start":{"line":544,"column":10},"end":{"line":548,"column":3}},"line":544}},"f":{"0":1,"1":1,"2":1,"3":1,"4":1,"5":2,"6":1,"7":0,"8":1,"9":6,"10":0}}
,"/root/mcar/core/src/web/types.ts": {"path":"/root/mcar/core/src/web/types.ts","all":true,"statementMap":{},"s":{},"branchMap":{"0":{"type":"branch","line":1,"loc":{"start":{"line":1,"column":1528},"end":{"line":67,"column":1}},"locations":[{"start":{"line":1,"column":1528},"end":{"line":67,"column":1}}]}},"b":{"0":[1]},"fnMap":{"0":{"name":"(empty-report)","decl":{"start":{"line":1,"column":1528},"end":{"line":67,"column":1}},"loc":{"start":{"line":1,"column":1528},"end":{"line":67,"column":1}},"line":1}},"f":{"0":1}}
}
